<?xml version="1.0" encoding="UTF-8" standalone="no"?>
<testsuite failures="1" name="cucumber.runtime.formatter.JUnitFormatter" skipped="0" tests="1" time="0.26412">
<testcase classname="Acceptance testing to validate search cars page" name="Validate seacrh cars page" time="0.26412">
<failure message="java.lang.StackOverflowError&#13;&#10;&#9;at pages.actions.CarsGuideHomePageActions.&lt;init&gt;(CarsGuideHomePageActions.java:15)&#13;&#10;&#9;at pages.actions.CarsGuideHomePageActions.&lt;init&gt;(CarsGuideHomePageActions.java:15)&#13;&#10;&#9;at pages.actions.CarsGuideHomePageActions.&lt;init&gt;(CarsGuideHomePageActions.java:15)&#13;&#10;&#9;at pages.actions.CarsGuideHomePageActions.&lt;init&gt;(CarsGuideHomePageActions.java:15)&#13;&#10;&#9;at pages.actions.CarsGuideHomePageActions.&lt;init&gt;(CarsGuideHomePageActions.java:15)&#13;&#10;&#9;at pages.actions.CarsGuideHomePageActions.&lt;init&gt;(CarsGuideHomePageActions.java:15)&#13;&#10;&#9;at pages.actions.CarsGuideHomePageActions.&lt;init&gt;(CarsGuideHomePageActions.java:15)&#13;&#10;&#9;at pages.actions.CarsGuideHomePageActions.&lt;init&gt;(CarsGuideHomePageActions.java:15)&#13;&#10;&#9;at pages.actions.CarsGuideHomePageActions.&lt;init&gt;(CarsGuideHomePageActions.java:15)&#13;&#10;&#9;at pages.actions.CarsGuideHomePageActions.&lt;init&gt;(CarsGuideHomePageActions.java:15)&#13;&#10;&#9;at pages.actions.CarsGuideHomePageActions.&lt;init&gt;(CarsGuideHomePageActions.java:15)&#13;&#10;&#9;at pages.actions.CarsGuideHomePageActions.&lt;init&gt;(CarsGuideHomePageActions.java:15)&#13;&#10;&#9;at pages.actions.CarsGuideHomePageActions.&lt;init&gt;(CarsGuideHomePageActions.java:15)&#13;&#10;&#9;at pages.actions.CarsGuideHomePageActions.&lt;init&gt;(CarsGuideHomePageActions.java:15)&#13;&#10;&#9;at pages.actions.CarsGuideHomePageActions.&lt;init&gt;(CarsGuideHomePageActions.java:15)&#13;&#10;&#9;at pages.actions.CarsGuideHomePageActions.&lt;init&gt;(CarsGuideHomePageActions.java:15)&#13;&#10;&#9;at pages.actions.CarsGuideHomePageActions.&lt;init&gt;(CarsGuideHomePageActions.java:15)&#13;&#10;&#9;at pages.actions.CarsGuideHomePageActions.&lt;init&gt;(CarsGuideHomePageActions.java:15)&#13;&#10;&#9;at pages.actions.CarsGuideHomePageActions.&lt;init&gt;(CarsGuideHomePageActions.java:15)&#13;&#10;&#9;at pages.actions.CarsGuideHomePageActions.&lt;init&gt;(CarsGuideHomePageActions.java:15)&#13;&#10;&#9;at pages.actions.CarsGuideHomePageActions.&lt;init&gt;(CarsGuideHomePageActions.java:15)&#13;&#10;&#9;at pages.actions.CarsGuideHomePageActions.&lt;init&gt;(CarsGuideHomePageActions.java:15)&#13;&#10;&#9;at pages.actions.CarsGuideHomePageActions.&lt;init&gt;(CarsGuideHomePageActions.java:15)&#13;&#10;&#9;at pages.actions.CarsGuideHomePageActions.&lt;init&gt;(CarsGuideHomePageActions.java:15)&#13;&#10;&#9;at pages.actions.CarsGuideHomePageActions.&lt;init&gt;(CarsGuideHomePageActions.java:15)&#13;&#10;&#9;at pages.actions.CarsGuideHomePageActions.&lt;init&gt;(CarsGuideHomePageActions.java:15)&#13;&#10;&#9;at pages.actions.CarsGuideHomePageActions.&lt;init&gt;(CarsGuideHomePageActions.java:15)&#13;&#10;&#9;at pages.actions.CarsGuideHomePageActions.&lt;init&gt;(CarsGuideHomePageActions.java:15)&#13;&#10;&#9;at pages.actions.CarsGuideHomePageActions.&lt;init&gt;(CarsGuideHomePageActions.java:15)&#13;&#10;&#9;at pages.actions.CarsGuideHomePageActions.&lt;init&gt;(CarsGuideHomePageActions.java:15)&#13;&#10;&#9;at pages.actions.CarsGuideHomePageActions.&lt;init&gt;(CarsGuideHomePageActions.java:15)&#13;&#10;&#9;at pages.actions.CarsGuideHomePageActions.&lt;init&gt;(CarsGuideHomePageActions.java:15)&#13;&#10;&#9;at pages.actions.CarsGuideHomePageActions.&lt;init&gt;(CarsGuideHomePageActions.java:15)&#13;&#10;&#9;at pages.actions.CarsGuideHomePageActions.&lt;init&gt;(CarsGuideHomePageActions.java:15)&#13;&#10;&#9;at pages.actions.CarsGuideHomePageActions.&lt;init&gt;(CarsGuideHomePageActions.java:15)&#13;&#10;&#9;at pages.actions.CarsGuideHomePageActions.&lt;init&gt;(CarsGuideHomePageActions.java:15)&#13;&#10;&#9;at pages.actions.CarsGuideHomePageActions.&lt;init&gt;(CarsGuideHomePageActions.java:15)&#13;&#10;&#9;at pages.actions.CarsGuideHomePageActions.&lt;init&gt;(CarsGuideHomePageActions.java:15)&#13;&#10;&#9;at pages.actions.CarsGuideHomePageActions.&lt;init&gt;(CarsGuideHomePageActions.java:15)&#13;&#10;&#9;at pages.actions.CarsGuideHomePageActions.&lt;init&gt;(CarsGuideHomePageActions.java:15)&#13;&#10;&#9;at pages.actions.CarsGuideHomePageActions.&lt;init&gt;(CarsGuideHomePageActions.java:15)&#13;&#10;&#9;at pages.actions.CarsGuideHomePageActions.&lt;init&gt;(CarsGuideHomePageActions.java:15)&#13;&#10;&#9;at pages.actions.CarsGuideHomePageActions.&lt;init&gt;(CarsGuideHomePageActions.java:15)&#13;&#10;&#9;at pages.actions.CarsGuideHomePageActions.&lt;init&gt;(CarsGuideHomePageActions.java:15)&#13;&#10;&#9;at pages.actions.CarsGuideHomePageActions.&lt;init&gt;(CarsGuideHomePageActions.java:15)&#13;&#10;&#9;at pages.actions.CarsGuideHomePageActions.&lt;init&gt;(CarsGuideHomePageActions.java:15)&#13;&#10;&#9;at pages.actions.CarsGuideHomePageActions.&lt;init&gt;(CarsGuideHomePageActions.java:15)&#13;&#10;&#9;at pages.actions.CarsGuideHomePageActions.&lt;init&gt;(CarsGuideHomePageActions.java:15)&#13;&#10;&#9;at pages.actions.CarsGuideHomePageActions.&lt;init&gt;(CarsGuideHomePageActions.java:15)&#13;&#10;&#9;at pages.actions.CarsGuideHomePageActions.&lt;init&gt;(CarsGuideHomePageActions.java:15)&#13;&#10;&#9;at pages.actions.CarsGuideHomePageActions.&lt;init&gt;(CarsGuideHomePageActions.java:15)&#13;&#10;&#9;at pages.actions.CarsGuideHomePageActions.&lt;init&gt;(CarsGuideHomePageActions.java:15)&#13;&#10;&#9;at pages.actions.CarsGuideHomePageActions.&lt;init&gt;(CarsGuideHomePageActions.java:15)&#13;&#10;&#9;at pages.actions.CarsGuideHomePageActions.&lt;init&gt;(CarsGuideHomePageActions.java:15)&#13;&#10;&#9;at pages.actions.CarsGuideHomePageActions.&lt;init&gt;(CarsGuideHomePageActions.java:15)&#13;&#10;&#9;at pages.actions.CarsGuideHomePageActions.&lt;init&gt;(CarsGuideHomePageActions.java:15)&#13;&#10;&#9;at pages.actions.CarsGuideHomePageActions.&lt;init&gt;(CarsGuideHomePageActions.java:15)&#13;&#10;&#9;at pages.actions.CarsGuideHomePageActions.&lt;init&gt;(CarsGuideHomePageActions.java:15)&#13;&#10;&#9;at pages.actions.CarsGuideHomePageActions.&lt;init&gt;(CarsGuideHomePageActions.java:15)&#13;&#10;&#9;at pages.actions.CarsGuideHomePageActions.&lt;init&gt;(CarsGuideHomePageActions.java:15)&#13;&#10;&#9;at pages.actions.CarsGuideHomePageActions.&lt;init&gt;(CarsGuideHomePageActions.java:15)&#13;&#10;&#9;at pages.actions.CarsGuideHomePageActions.&lt;init&gt;(CarsGuideHomePageActions.java:15)&#13;&#10;&#9;at pages.actions.CarsGuideHomePageActions.&lt;init&gt;(CarsGuideHomePageActions.java:15)&#13;&#10;&#9;at pages.actions.CarsGuideHomePageActions.&lt;init&gt;(CarsGuideHomePageActions.java:15)&#13;&#10;&#9;at pages.actions.CarsGuideHomePageActions.&lt;init&gt;(CarsGuideHomePageActions.java:15)&#13;&#10;&#9;at pages.actions.CarsGuideHomePageActions.&lt;init&gt;(CarsGuideHomePageActions.java:15)&#13;&#10;&#9;at pages.actions.CarsGuideHomePageActions.&lt;init&gt;(CarsGuideHomePageActions.java:15)&#13;&#10;&#9;at pages.actions.CarsGuideHomePageActions.&lt;init&gt;(CarsGuideHomePageActions.java:15)&#13;&#10;&#9;at pages.actions.CarsGuideHomePageActions.&lt;init&gt;(CarsGuideHomePageActions.java:15)&#13;&#10;&#9;at pages.actions.CarsGuideHomePageActions.&lt;init&gt;(CarsGuideHomePageActions.java:15)&#13;&#10;&#9;at pages.actions.CarsGuideHomePageActions.&lt;init&gt;(CarsGuideHomePageActions.java:15)&#13;&#10;&#9;at pages.actions.CarsGuideHomePageActions.&lt;init&gt;(CarsGuideHomePageActions.java:15)&#13;&#10;&#9;at pages.actions.CarsGuideHomePageActions.&lt;init&gt;(CarsGuideHomePageActions.java:15)&#13;&#10;&#9;at pages.actions.CarsGuideHomePageActions.&lt;init&gt;(CarsGuideHomePageActions.java:15)&#13;&#10;&#9;at pages.actions.CarsGuideHomePageActions.&lt;init&gt;(CarsGuideHomePageActions.java:15)&#13;&#10;&#9;at pages.actions.CarsGuideHomePageActions.&lt;init&gt;(CarsGuideHomePageActions.java:15)&#13;&#10;&#9;at pages.actions.CarsGuideHomePageActions.&lt;init&gt;(CarsGuideHomePageActions.java:15)&#13;&#10;&#9;at pages.actions.CarsGuideHomePageActions.&lt;init&gt;(CarsGuideHomePageActions.java:15)&#13;&#10;&#9;at pages.actions.CarsGuideHomePageActions.&lt;init&gt;(CarsGuideHomePageActions.java:15)&#13;&#10;&#9;at pages.actions.CarsGuideHomePageActions.&lt;init&gt;(CarsGuideHomePageActions.java:15)&#13;&#10;&#9;at pages.actions.CarsGuideHomePageActions.&lt;init&gt;(CarsGuideHomePageActions.java:15)&#13;&#10;&#9;at pages.actions.CarsGuideHomePageActions.&lt;init&gt;(CarsGuideHomePageActions.java:15)&#13;&#10;&#9;at pages.actions.CarsGuideHomePageActions.&lt;init&gt;(CarsGuideHomePageActions.java:15)&#13;&#10;&#9;at pages.actions.CarsGuideHomePageActions.&lt;init&gt;(CarsGuideHomePageActions.java:15)&#13;&#10;&#9;at pages.actions.CarsGuideHomePageActions.&lt;init&gt;(CarsGuideHomePageActions.java:15)&#13;&#10;&#9;at pages.actions.CarsGuideHomePageActions.&lt;init&gt;(CarsGuideHomePageActions.java:15)&#13;&#10;&#9;at pages.actions.CarsGuideHomePageActions.&lt;init&gt;(CarsGuideHomePageActions.java:15)&#13;&#10;&#9;at pages.actions.CarsGuideHomePageActions.&lt;init&gt;(CarsGuideHomePageActions.java:15)&#13;&#10;&#9;at pages.actions.CarsGuideHomePageActions.&lt;init&gt;(CarsGuideHomePageActions.java:15)&#13;&#10;&#9;at pages.actions.CarsGuideHomePageActions.&lt;init&gt;(CarsGuideHomePageActions.java:15)&#13;&#10;&#9;at pages.actions.CarsGuideHomePageActions.&lt;init&gt;(CarsGuideHomePageActions.java:15)&#13;&#10;&#9;at pages.actions.CarsGuideHomePageActions.&lt;init&gt;(CarsGuideHomePageActions.java:15)&#13;&#10;&#9;at pages.actions.CarsGuideHomePageActions.&lt;init&gt;(CarsGuideHomePageActions.java:15)&#13;&#10;&#9;at pages.actions.CarsGuideHomePageActions.&lt;init&gt;(CarsGuideHomePageActions.java:15)&#13;&#10;&#9;at pages.actions.CarsGuideHomePageActions.&lt;init&gt;(CarsGuideHomePageActions.java:15)&#13;&#10;&#9;at pages.actions.CarsGuideHomePageActions.&lt;init&gt;(CarsGuideHomePageActions.java:15)&#13;&#10;&#9;at pages.actions.CarsGuideHomePageActions.&lt;init&gt;(CarsGuideHomePageActions.java:15)&#13;&#10;&#9;at pages.actions.CarsGuideHomePageActions.&lt;init&gt;(CarsGuideHomePageActions.java:15)&#13;&#10;&#9;at pages.actions.CarsGuideHomePageActions.&lt;init&gt;(CarsGuideHomePageActions.java:15)&#13;&#10;&#9;at pages.actions.CarsGuideHomePageActions.&lt;init&gt;(CarsGuideHomePageActions.java:15)&#13;&#10;&#9;at pages.actions.CarsGuideHomePageActions.&lt;init&gt;(CarsGuideHomePageActions.java:15)&#13;&#10;&#9;at pages.actions.CarsGuideHomePageActions.&lt;init&gt;(CarsGuideHomePageActions.java:15)&#13;&#10;&#9;at pages.actions.CarsGuideHomePageActions.&lt;init&gt;(CarsGuideHomePageActions.java:15)&#13;&#10;&#9;at pages.actions.CarsGuideHomePageActions.&lt;init&gt;(CarsGuideHomePageActions.java:15)&#13;&#10;&#9;at pages.actions.CarsGuideHomePageActions.&lt;init&gt;(CarsGuideHomePageActions.java:15)&#13;&#10;&#9;at pages.actions.CarsGuideHomePageActions.&lt;init&gt;(CarsGuideHomePageActions.java:15)&#13;&#10;&#9;at pages.actions.CarsGuideHomePageActions.&lt;init&gt;(CarsGuideHomePageActions.java:15)&#13;&#10;&#9;at pages.actions.CarsGuideHomePageActions.&lt;init&gt;(CarsGuideHomePageActions.java:15)&#13;&#10;&#9;at pages.actions.CarsGuideHomePageActions.&lt;init&gt;(CarsGuideHomePageActions.java:15)&#13;&#10;&#9;at pages.actions.CarsGuideHomePageActions.&lt;init&gt;(CarsGuideHomePageActions.java:15)&#13;&#10;&#9;at pages.actions.CarsGuideHomePageActions.&lt;init&gt;(CarsGuideHomePageActions.java:15)&#13;&#10;&#9;at pages.actions.CarsGuideHomePageActions.&lt;init&gt;(CarsGuideHomePageActions.java:15)&#13;&#10;&#9;at pages.actions.CarsGuideHomePageActions.&lt;init&gt;(CarsGuideHomePageActions.java:15)&#13;&#10;&#9;at pages.actions.CarsGuideHomePageActions.&lt;init&gt;(CarsGuideHomePageActions.java:15)&#13;&#10;&#9;at pages.actions.CarsGuideHomePageActions.&lt;init&gt;(CarsGuideHomePageActions.java:15)&#13;&#10;&#9;at pages.actions.CarsGuideHomePageActions.&lt;init&gt;(CarsGuideHomePageActions.java:15)&#13;&#10;&#9;at pages.actions.CarsGuideHomePageActions.&lt;init&gt;(CarsGuideHomePageActions.java:15)&#13;&#10;&#9;at pages.actions.CarsGuideHomePageActions.&lt;init&gt;(CarsGuideHomePageActions.java:15)&#13;&#10;&#9;at pages.actions.CarsGuideHomePageActions.&lt;init&gt;(CarsGuideHomePageActions.java:15)&#13;&#10;&#9;at pages.actions.CarsGuideHomePageActions.&lt;init&gt;(CarsGuideHomePageActions.java:15)&#13;&#10;&#9;at pages.actions.CarsGuideHomePageActions.&lt;init&gt;(CarsGuideHomePageActions.java:15)&#13;&#10;&#9;at pages.actions.CarsGuideHomePageActions.&lt;init&gt;(CarsGuideHomePageActions.java:15)&#13;&#10;&#9;at pages.actions.CarsGuideHomePageActions.&lt;init&gt;(CarsGuideHomePageActions.java:15)&#13;&#10;&#9;at pages.actions.CarsGuideHomePageActions.&lt;init&gt;(CarsGuideHomePageActions.java:15)&#13;&#10;&#9;at pages.actions.CarsGuideHomePageActions.&lt;init&gt;(CarsGuideHomePageActions.java:15)&#13;&#10;&#9;at pages.actions.CarsGuideHomePageActions.&lt;init&gt;(CarsGuideHomePageActions.java:15)&#13;&#10;&#9;at pages.actions.CarsGuideHomePageActions.&lt;init&gt;(CarsGuideHomePageActions.java:15)&#13;&#10;&#9;at pages.actions.CarsGuideHomePageActions.&lt;init&gt;(CarsGuideHomePageActions.java:15)&#13;&#10;&#9;at pages.actions.CarsGuideHomePageActions.&lt;init&gt;(CarsGuideHomePageActions.java:15)&#13;&#10;&#9;at pages.actions.CarsGuideHomePageActions.&lt;init&gt;(CarsGuideHomePageActions.java:15)&#13;&#10;&#9;at pages.actions.CarsGuideHomePageActions.&lt;init&gt;(CarsGuideHomePageActions.java:15)&#13;&#10;&#9;at pages.actions.CarsGuideHomePageActions.&lt;init&gt;(CarsGuideHomePageActions.java:15)&#13;&#10;&#9;at pages.actions.CarsGuideHomePageActions.&lt;init&gt;(CarsGuideHomePageActions.java:15)&#13;&#10;&#9;at pages.actions.CarsGuideHomePageActions.&lt;init&gt;(CarsGuideHomePageActions.java:15)&#13;&#10;&#9;at pages.actions.CarsGuideHomePageActions.&lt;init&gt;(CarsGuideHomePageActions.java:15)&#13;&#10;&#9;at pages.actions.CarsGuideHomePageActions.&lt;init&gt;(CarsGuideHomePageActions.java:15)&#13;&#10;&#9;at pages.actions.CarsGuideHomePageActions.&lt;init&gt;(CarsGuideHomePageActions.java:15)&#13;&#10;&#9;at pages.actions.CarsGuideHomePageActions.&lt;init&gt;(CarsGuideHomePageActions.java:15)&#13;&#10;&#9;at pages.actions.CarsGuideHomePageActions.&lt;init&gt;(CarsGuideHomePageActions.java:15)&#13;&#10;&#9;at pages.actions.CarsGuideHomePageActions.&lt;init&gt;(CarsGuideHomePageActions.java:15)&#13;&#10;&#9;at pages.actions.CarsGuideHomePageActions.&lt;init&gt;(CarsGuideHomePageActions.java:15)&#13;&#10;&#9;at pages.actions.CarsGuideHomePageActions.&lt;init&gt;(CarsGuideHomePageActions.java:15)&#13;&#10;&#9;at pages.actions.CarsGuideHomePageActions.&lt;init&gt;(CarsGuideHomePageActions.java:15)&#13;&#10;&#9;at pages.actions.CarsGuideHomePageActions.&lt;init&gt;(CarsGuideHomePageActions.java:15)&#13;&#10;&#9;at pages.actions.CarsGuideHomePageActions.&lt;init&gt;(CarsGuideHomePageActions.java:15)&#13;&#10;&#9;at pages.actions.CarsGuideHomePageActions.&lt;init&gt;(CarsGuideHomePageActions.java:15)&#13;&#10;&#9;at pages.actions.CarsGuideHomePageActions.&lt;init&gt;(CarsGuideHomePageActions.java:15)&#13;&#10;&#9;at pages.actions.CarsGuideHomePageActions.&lt;init&gt;(CarsGuideHomePageActions.java:15)&#13;&#10;&#9;at pages.actions.CarsGuideHomePageActions.&lt;init&gt;(CarsGuideHomePageActions.java:15)&#13;&#10;&#9;at pages.actions.CarsGuideHomePageActions.&lt;init&gt;(CarsGuideHomePageActions.java:15)&#13;&#10;&#9;at pages.actions.CarsGuideHomePageActions.&lt;init&gt;(CarsGuideHomePageActions.java:15)&#13;&#10;&#9;at pages.actions.CarsGuideHomePageActions.&lt;init&gt;(CarsGuideHomePageActions.java:15)&#13;&#10;&#9;at pages.actions.CarsGuideHomePageActions.&lt;init&gt;(CarsGuideHomePageActions.java:15)&#13;&#10;&#9;at pages.actions.CarsGuideHomePageActions.&lt;init&gt;(CarsGuideHomePageActions.java:15)&#13;&#10;&#9;at pages.actions.CarsGuideHomePageActions.&lt;init&gt;(CarsGuideHomePageActions.java:15)&#13;&#10;&#9;at pages.actions.CarsGuideHomePageActions.&lt;init&gt;(CarsGuideHomePageActions.java:15)&#13;&#10;&#9;at pages.actions.CarsGuideHomePageActions.&lt;init&gt;(CarsGuideHomePageActions.java:15)&#13;&#10;&#9;at pages.actions.CarsGuideHomePageActions.&lt;init&gt;(CarsGuideHomePageActions.java:15)&#13;&#10;&#9;at pages.actions.CarsGuideHomePageActions.&lt;init&gt;(CarsGuideHomePageActions.java:15)&#13;&#10;&#9;at pages.actions.CarsGuideHomePageActions.&lt;init&gt;(CarsGuideHomePageActions.java:15)&#13;&#10;&#9;at pages.actions.CarsGuideHomePageActions.&lt;init&gt;(CarsGuideHomePageActions.java:15)&#13;&#10;&#9;at pages.actions.CarsGuideHomePageActions.&lt;init&gt;(CarsGuideHomePageActions.java:15)&#13;&#10;&#9;at pages.actions.CarsGuideHomePageActions.&lt;init&gt;(CarsGuideHomePageActions.java:15)&#13;&#10;&#9;at pages.actions.CarsGuideHomePageActions.&lt;init&gt;(CarsGuideHomePageActions.java:15)&#13;&#10;&#9;at pages.actions.CarsGuideHomePageActions.&lt;init&gt;(CarsGuideHomePageActions.java:15)&#13;&#10;&#9;at pages.actions.CarsGuideHomePageActions.&lt;init&gt;(CarsGuideHomePageActions.java:15)&#13;&#10;&#9;at pages.actions.CarsGuideHomePageActions.&lt;init&gt;(CarsGuideHomePageActions.java:15)&#13;&#10;&#9;at pages.actions.CarsGuideHomePageActions.&lt;init&gt;(CarsGuideHomePageActions.java:15)&#13;&#10;&#9;at pages.actions.CarsGuideHomePageActions.&lt;init&gt;(CarsGuideHomePageActions.java:15)&#13;&#10;&#9;at pages.actions.CarsGuideHomePageActions.&lt;init&gt;(CarsGuideHomePageActions.java:15)&#13;&#10;&#9;at pages.actions.CarsGuideHomePageActions.&lt;init&gt;(CarsGuideHomePageActions.java:15)&#13;&#10;&#9;at pages.actions.CarsGuideHomePageActions.&lt;init&gt;(CarsGuideHomePageActions.java:15)&#13;&#10;&#9;at pages.actions.CarsGuideHomePageActions.&lt;init&gt;(CarsGuideHomePageActions.java:15)&#13;&#10;&#9;at pages.actions.CarsGuideHomePageActions.&lt;init&gt;(CarsGuideHomePageActions.java:15)&#13;&#10;&#9;at pages.actions.CarsGuideHomePageActions.&lt;init&gt;(CarsGuideHomePageActions.java:15)&#13;&#10;&#9;at pages.actions.CarsGuideHomePageActions.&lt;init&gt;(CarsGuideHomePageActions.java:15)&#13;&#10;&#9;at pages.actions.CarsGuideHomePageActions.&lt;init&gt;(CarsGuideHomePageActions.java:15)&#13;&#10;&#9;at pages.actions.CarsGuideHomePageActions.&lt;init&gt;(CarsGuideHomePageActions.java:15)&#13;&#10;&#9;at pages.actions.CarsGuideHomePageActions.&lt;init&gt;(CarsGuideHomePageActions.java:15)&#13;&#10;&#9;at pages.actions.CarsGuideHomePageActions.&lt;init&gt;(CarsGuideHomePageActions.java:15)&#13;&#10;&#9;at pages.actions.CarsGuideHomePageActions.&lt;init&gt;(CarsGuideHomePageActions.java:15)&#13;&#10;&#9;at pages.actions.CarsGuideHomePageActions.&lt;init&gt;(CarsGuideHomePageActions.java:15)&#13;&#10;&#9;at pages.actions.CarsGuideHomePageActions.&lt;init&gt;(CarsGuideHomePageActions.java:15)&#13;&#10;&#9;at pages.actions.CarsGuideHomePageActions.&lt;init&gt;(CarsGuideHomePageActions.java:15)&#13;&#10;&#9;at pages.actions.CarsGuideHomePageActions.&lt;init&gt;(CarsGuideHomePageActions.java:15)&#13;&#10;&#9;at pages.actions.CarsGuideHomePageActions.&lt;init&gt;(CarsGuideHomePageActions.java:15)&#13;&#10;&#9;at pages.actions.CarsGuideHomePageActions.&lt;init&gt;(CarsGuideHomePageActions.java:15)&#13;&#10;&#9;at pages.actions.CarsGuideHomePageActions.&lt;init&gt;(CarsGuideHomePageActions.java:15)&#13;&#10;&#9;at pages.actions.CarsGuideHomePageActions.&lt;init&gt;(CarsGuideHomePageActions.java:15)&#13;&#10;&#9;at pages.actions.CarsGuideHomePageActions.&lt;init&gt;(CarsGuideHomePageActions.java:15)&#13;&#10;&#9;at pages.actions.CarsGuideHomePageActions.&lt;init&gt;(CarsGuideHomePageActions.java:15)&#13;&#10;&#9;at pages.actions.CarsGuideHomePageActions.&lt;init&gt;(CarsGuideHomePageActions.java:15)&#13;&#10;&#9;at pages.actions.CarsGuideHomePageActions.&lt;init&gt;(CarsGuideHomePageActions.java:15)&#13;&#10;&#9;at pages.actions.CarsGuideHomePageActions.&lt;init&gt;(CarsGuideHomePageActions.java:15)&#13;&#10;&#9;at pages.actions.CarsGuideHomePageActions.&lt;init&gt;(CarsGuideHomePageActions.java:15)&#13;&#10;&#9;at pages.actions.CarsGuideHomePageActions.&lt;init&gt;(CarsGuideHomePageActions.java:15)&#13;&#10;&#9;at pages.actions.CarsGuideHomePageActions.&lt;init&gt;(CarsGuideHomePageActions.java:15)&#13;&#10;&#9;at pages.actions.CarsGuideHomePageActions.&lt;init&gt;(CarsGuideHomePageActions.java:15)&#13;&#10;&#9;at pages.actions.CarsGuideHomePageActions.&lt;init&gt;(CarsGuideHomePageActions.java:15)&#13;&#10;&#9;at pages.actions.CarsGuideHomePageActions.&lt;init&gt;(CarsGuideHomePageActions.java:15)&#13;&#10;&#9;at pages.actions.CarsGuideHomePageActions.&lt;init&gt;(CarsGuideHomePageActions.java:15)&#13;&#10;&#9;at pages.actions.CarsGuideHomePageActions.&lt;init&gt;(CarsGuideHomePageActions.java:15)&#13;&#10;&#9;at pages.actions.CarsGuideHomePageActions.&lt;init&gt;(CarsGuideHomePageActions.java:15)&#13;&#10;&#9;at pages.actions.CarsGuideHomePageActions.&lt;init&gt;(CarsGuideHomePageActions.java:15)&#13;&#10;&#9;at pages.actions.CarsGuideHomePageActions.&lt;init&gt;(CarsGuideHomePageActions.java:15)&#13;&#10;&#9;at pages.actions.CarsGuideHomePageActions.&lt;init&gt;(CarsGuideHomePageActions.java:15)&#13;&#10;&#9;at pages.actions.CarsGuideHomePageActions.&lt;init&gt;(CarsGuideHomePageActions.java:15)&#13;&#10;&#9;at pages.actions.CarsGuideHomePageActions.&lt;init&gt;(CarsGuideHomePageActions.java:15)&#13;&#10;&#9;at pages.actions.CarsGuideHomePageActions.&lt;init&gt;(CarsGuideHomePageActions.java:15)&#13;&#10;&#9;at pages.actions.CarsGuideHomePageActions.&lt;init&gt;(CarsGuideHomePageActions.java:15)&#13;&#10;&#9;at pages.actions.CarsGuideHomePageActions.&lt;init&gt;(CarsGuideHomePageActions.java:15)&#13;&#10;&#9;at pages.actions.CarsGuideHomePageActions.&lt;init&gt;(CarsGuideHomePageActions.java:15)&#13;&#10;&#9;at pages.actions.CarsGuideHomePageActions.&lt;init&gt;(CarsGuideHomePageActions.java:15)&#13;&#10;&#9;at pages.actions.CarsGuideHomePageActions.&lt;init&gt;(CarsGuideHomePageActions.java:15)&#13;&#10;&#9;at pages.actions.CarsGuideHomePageActions.&lt;init&gt;(CarsGuideHomePageActions.java:15)&#13;&#10;&#9;at pages.actions.CarsGuideHomePageActions.&lt;init&gt;(CarsGuideHomePageActions.java:15)&#13;&#10;&#9;at pages.actions.CarsGuideHomePageActions.&lt;init&gt;(CarsGuideHomePageActions.java:15)&#13;&#10;&#9;at pages.actions.CarsGuideHomePageActions.&lt;init&gt;(CarsGuideHomePageActions.java:15)&#13;&#10;&#9;at pages.actions.CarsGuideHomePageActions.&lt;init&gt;(CarsGuideHomePageActions.java:15)&#13;&#10;&#9;at pages.actions.CarsGuideHomePageActions.&lt;init&gt;(CarsGuideHomePageActions.java:15)&#13;&#10;&#9;at pages.actions.CarsGuideHomePageActions.&lt;init&gt;(CarsGuideHomePageActions.java:15)&#13;&#10;&#9;at pages.actions.CarsGuideHomePageActions.&lt;init&gt;(CarsGuideHomePageActions.java:15)&#13;&#10;&#9;at pages.actions.CarsGuideHomePageActions.&lt;init&gt;(CarsGuideHomePageActions.java:15)&#13;&#10;&#9;at pages.actions.CarsGuideHomePageActions.&lt;init&gt;(CarsGuideHomePageActions.java:15)&#13;&#10;&#9;at pages.actions.CarsGuideHomePageActions.&lt;init&gt;(CarsGuideHomePageActions.java:15)&#13;&#10;&#9;at pages.actions.CarsGuideHomePageActions.&lt;init&gt;(CarsGuideHomePageActions.java:15)&#13;&#10;&#9;at pages.actions.CarsGuideHomePageActions.&lt;init&gt;(CarsGuideHomePageActions.java:15)&#13;&#10;&#9;at pages.actions.CarsGuideHomePageActions.&lt;init&gt;(CarsGuideHomePageActions.java:15)&#13;&#10;&#9;at pages.actions.CarsGuideHomePageActions.&lt;init&gt;(CarsGuideHomePageActions.java:15)&#13;&#10;&#9;at pages.actions.CarsGuideHomePageActions.&lt;init&gt;(CarsGuideHomePageActions.java:15)&#13;&#10;&#9;at pages.actions.CarsGuideHomePageActions.&lt;init&gt;(CarsGuideHomePageActions.java:15)&#13;&#10;&#9;at pages.actions.CarsGuideHomePageActions.&lt;init&gt;(CarsGuideHomePageActions.java:15)&#13;&#10;&#9;at pages.actions.CarsGuideHomePageActions.&lt;init&gt;(CarsGuideHomePageActions.java:15)&#13;&#10;&#9;at pages.actions.CarsGuideHomePageActions.&lt;init&gt;(CarsGuideHomePageActions.java:15)&#13;&#10;&#9;at pages.actions.CarsGuideHomePageActions.&lt;init&gt;(CarsGuideHomePageActions.java:15)&#13;&#10;&#9;at pages.actions.CarsGuideHomePageActions.&lt;init&gt;(CarsGuideHomePageActions.java:15)&#13;&#10;&#9;at pages.actions.CarsGuideHomePageActions.&lt;init&gt;(CarsGuideHomePageActions.java:15)&#13;&#10;&#9;at pages.actions.CarsGuideHomePageActions.&lt;init&gt;(CarsGuideHomePageActions.java:15)&#13;&#10;&#9;at pages.actions.CarsGuideHomePageActions.&lt;init&gt;(CarsGuideHomePageActions.java:15)&#13;&#10;&#9;at pages.actions.CarsGuideHomePageActions.&lt;init&gt;(CarsGuideHomePageActions.java:15)&#13;&#10;&#9;at pages.actions.CarsGuideHomePageActions.&lt;init&gt;(CarsGuideHomePageActions.java:15)&#13;&#10;&#9;at pages.actions.CarsGuideHomePageActions.&lt;init&gt;(CarsGuideHomePageActions.java:15)&#13;&#10;&#9;at pages.actions.CarsGuideHomePageActions.&lt;init&gt;(CarsGuideHomePageActions.java:15)&#13;&#10;&#9;at pages.actions.CarsGuideHomePageActions.&lt;init&gt;(CarsGuideHomePageActions.java:15)&#13;&#10;&#9;at pages.actions.CarsGuideHomePageActions.&lt;init&gt;(CarsGuideHomePageActions.java:15)&#13;&#10;&#9;at pages.actions.CarsGuideHomePageActions.&lt;init&gt;(CarsGuideHomePageActions.java:15)&#13;&#10;&#9;at pages.actions.CarsGuideHomePageActions.&lt;init&gt;(CarsGuideHomePageActions.java:15)&#13;&#10;&#9;at pages.actions.CarsGuideHomePageActions.&lt;init&gt;(CarsGuideHomePageActions.java:15)&#13;&#10;&#9;at pages.actions.CarsGuideHomePageActions.&lt;init&gt;(CarsGuideHomePageActions.java:15)&#13;&#10;&#9;at pages.actions.CarsGuideHomePageActions.&lt;init&gt;(CarsGuideHomePageActions.java:15)&#13;&#10;&#9;at pages.actions.CarsGuideHomePageActions.&lt;init&gt;(CarsGuideHomePageActions.java:15)&#13;&#10;&#9;at pages.actions.CarsGuideHomePageActions.&lt;init&gt;(CarsGuideHomePageActions.java:15)&#13;&#10;&#9;at pages.actions.CarsGuideHomePageActions.&lt;init&gt;(CarsGuideHomePageActions.java:15)&#13;&#10;&#9;at pages.actions.CarsGuideHomePageActions.&lt;init&gt;(CarsGuideHomePageActions.java:15)&#13;&#10;&#9;at pages.actions.CarsGuideHomePageActions.&lt;init&gt;(CarsGuideHomePageActions.java:15)&#13;&#10;&#9;at pages.actions.CarsGuideHomePageActions.&lt;init&gt;(CarsGuideHomePageActions.java:15)&#13;&#10;&#9;at pages.actions.CarsGuideHomePageActions.&lt;init&gt;(CarsGuideHomePageActions.java:15)&#13;&#10;&#9;at pages.actions.CarsGuideHomePageActions.&lt;init&gt;(CarsGuideHomePageActions.java:15)&#13;&#10;&#9;at pages.actions.CarsGuideHomePageActions.&lt;init&gt;(CarsGuideHomePageActions.java:15)&#13;&#10;&#9;at pages.actions.CarsGuideHomePageActions.&lt;init&gt;(CarsGuideHomePageActions.java:15)&#13;&#10;&#9;at pages.actions.CarsGuideHomePageActions.&lt;init&gt;(CarsGuideHomePageActions.java:15)&#13;&#10;&#9;at pages.actions.CarsGuideHomePageActions.&lt;init&gt;(CarsGuideHomePageActions.java:15)&#13;&#10;&#9;at pages.actions.CarsGuideHomePageActions.&lt;init&gt;(CarsGuideHomePageActions.java:15)&#13;&#10;&#9;at pages.actions.CarsGuideHomePageActions.&lt;init&gt;(CarsGuideHomePageActions.java:15)&#13;&#10;&#9;at pages.actions.CarsGuideHomePageActions.&lt;init&gt;(CarsGuideHomePageActions.java:15)&#13;&#10;&#9;at pages.actions.CarsGuideHomePageActions.&lt;init&gt;(CarsGuideHomePageActions.java:15)&#13;&#10;&#9;at pages.actions.CarsGuideHomePageActions.&lt;init&gt;(CarsGuideHomePageActions.java:15)&#13;&#10;&#9;at pages.actions.CarsGuideHomePageActions.&lt;init&gt;(CarsGuideHomePageActions.java:15)&#13;&#10;&#9;at pages.actions.CarsGuideHomePageActions.&lt;init&gt;(CarsGuideHomePageActions.java:15)&#13;&#10;&#9;at pages.actions.CarsGuideHomePageActions.&lt;init&gt;(CarsGuideHomePageActions.java:15)&#13;&#10;&#9;at pages.actions.CarsGuideHomePageActions.&lt;init&gt;(CarsGuideHomePageActions.java:15)&#13;&#10;&#9;at pages.actions.CarsGuideHomePageActions.&lt;init&gt;(CarsGuideHomePageActions.java:15)&#13;&#10;&#9;at pages.actions.CarsGuideHomePageActions.&lt;init&gt;(CarsGuideHomePageActions.java:15)&#13;&#10;&#9;at pages.actions.CarsGuideHomePageActions.&lt;init&gt;(CarsGuideHomePageActions.java:15)&#13;&#10;&#9;at pages.actions.CarsGuideHomePageActions.&lt;init&gt;(CarsGuideHomePageActions.java:15)&#13;&#10;&#9;at pages.actions.CarsGuideHomePageActions.&lt;init&gt;(CarsGuideHomePageActions.java:15)&#13;&#10;&#9;at pages.actions.CarsGuideHomePageActions.&lt;init&gt;(CarsGuideHomePageActions.java:15)&#13;&#10;&#9;at pages.actions.CarsGuideHomePageActions.&lt;init&gt;(CarsGuideHomePageActions.java:15)&#13;&#10;&#9;at pages.actions.CarsGuideHomePageActions.&lt;init&gt;(CarsGuideHomePageActions.java:15)&#13;&#10;&#9;at pages.actions.CarsGuideHomePageActions.&lt;init&gt;(CarsGuideHomePageActions.java:15)&#13;&#10;&#9;at pages.actions.CarsGuideHomePageActions.&lt;init&gt;(CarsGuideHomePageActions.java:15)&#13;&#10;&#9;at pages.actions.CarsGuideHomePageActions.&lt;init&gt;(CarsGuideHomePageActions.java:15)&#13;&#10;&#9;at pages.actions.CarsGuideHomePageActions.&lt;init&gt;(CarsGuideHomePageActions.java:15)&#13;&#10;&#9;at pages.actions.CarsGuideHomePageActions.&lt;init&gt;(CarsGuideHomePageActions.java:15)&#13;&#10;&#9;at pages.actions.CarsGuideHomePageActions.&lt;init&gt;(CarsGuideHomePageActions.java:15)&#13;&#10;&#9;at pages.actions.CarsGuideHomePageActions.&lt;init&gt;(CarsGuideHomePageActions.java:15)&#13;&#10;&#9;at pages.actions.CarsGuideHomePageActions.&lt;init&gt;(CarsGuideHomePageActions.java:15)&#13;&#10;&#9;at pages.actions.CarsGuideHomePageActions.&lt;init&gt;(CarsGuideHomePageActions.java:15)&#13;&#10;&#9;at pages.actions.CarsGuideHomePageActions.&lt;init&gt;(CarsGuideHomePageActions.java:15)&#13;&#10;&#9;at pages.actions.CarsGuideHomePageActions.&lt;init&gt;(CarsGuideHomePageActions.java:15)&#13;&#10;&#9;at pages.actions.CarsGuideHomePageActions.&lt;init&gt;(CarsGuideHomePageActions.java:15)&#13;&#10;&#9;at pages.actions.CarsGuideHomePageActions.&lt;init&gt;(CarsGuideHomePageActions.java:15)&#13;&#10;&#9;at pages.actions.CarsGuideHomePageActions.&lt;init&gt;(CarsGuideHomePageActions.java:15)&#13;&#10;&#9;at pages.actions.CarsGuideHomePageActions.&lt;init&gt;(CarsGuideHomePageActions.java:15)&#13;&#10;&#9;at pages.actions.CarsGuideHomePageActions.&lt;init&gt;(CarsGuideHomePageActions.java:15)&#13;&#10;&#9;at pages.actions.CarsGuideHomePageActions.&lt;init&gt;(CarsGuideHomePageActions.java:15)&#13;&#10;&#9;at pages.actions.CarsGuideHomePageActions.&lt;init&gt;(CarsGuideHomePageActions.java:15)&#13;&#10;&#9;at pages.actions.CarsGuideHomePageActions.&lt;init&gt;(CarsGuideHomePageActions.java:15)&#13;&#10;&#9;at pages.actions.CarsGuideHomePageActions.&lt;init&gt;(CarsGuideHomePageActions.java:15)&#13;&#10;&#9;at pages.actions.CarsGuideHomePageActions.&lt;init&gt;(CarsGuideHomePageActions.java:15)&#13;&#10;&#9;at pages.actions.CarsGuideHomePageActions.&lt;init&gt;(CarsGuideHomePageActions.java:15)&#13;&#10;&#9;at pages.actions.CarsGuideHomePageActions.&lt;init&gt;(CarsGuideHomePageActions.java:15)&#13;&#10;&#9;at pages.actions.CarsGuideHomePageActions.&lt;init&gt;(CarsGuideHomePageActions.java:15)&#13;&#10;&#9;at pages.actions.CarsGuideHomePageActions.&lt;init&gt;(CarsGuideHomePageActions.java:15)&#13;&#10;&#9;at pages.actions.CarsGuideHomePageActions.&lt;init&gt;(CarsGuideHomePageActions.java:15)&#13;&#10;&#9;at pages.actions.CarsGuideHomePageActions.&lt;init&gt;(CarsGuideHomePageActions.java:15)&#13;&#10;&#9;at pages.actions.CarsGuideHomePageActions.&lt;init&gt;(CarsGuideHomePageActions.java:15)&#13;&#10;&#9;at pages.actions.CarsGuideHomePageActions.&lt;init&gt;(CarsGuideHomePageActions.java:15)&#13;&#10;&#9;at pages.actions.CarsGuideHomePageActions.&lt;init&gt;(CarsGuideHomePageActions.java:15)&#13;&#10;&#9;at pages.actions.CarsGuideHomePageActions.&lt;init&gt;(CarsGuideHomePageActions.java:15)&#13;&#10;&#9;at pages.actions.CarsGuideHomePageActions.&lt;init&gt;(CarsGuideHomePageActions.java:15)&#13;&#10;&#9;at pages.actions.CarsGuideHomePageActions.&lt;init&gt;(CarsGuideHomePageActions.java:15)&#13;&#10;&#9;at pages.actions.CarsGuideHomePageActions.&lt;init&gt;(CarsGuideHomePageActions.java:15)&#13;&#10;&#9;at pages.actions.CarsGuideHomePageActions.&lt;init&gt;(CarsGuideHomePageActions.java:15)&#13;&#10;&#9;at pages.actions.CarsGuideHomePageActions.&lt;init&gt;(CarsGuideHomePageActions.java:15)&#13;&#10;&#9;at pages.actions.CarsGuideHomePageActions.&lt;init&gt;(CarsGuideHomePageActions.java:15)&#13;&#10;&#9;at pages.actions.CarsGuideHomePageActions.&lt;init&gt;(CarsGuideHomePageActions.java:15)&#13;&#10;&#9;at pages.actions.CarsGuideHomePageActions.&lt;init&gt;(CarsGuideHomePageActions.java:15)&#13;&#10;&#9;at pages.actions.CarsGuideHomePageActions.&lt;init&gt;(CarsGuideHomePageActions.java:15)&#13;&#10;&#9;at pages.actions.CarsGuideHomePageActions.&lt;init&gt;(CarsGuideHomePageActions.java:15)&#13;&#10;&#9;at pages.actions.CarsGuideHomePageActions.&lt;init&gt;(CarsGuideHomePageActions.java:15)&#13;&#10;&#9;at pages.actions.CarsGuideHomePageActions.&lt;init&gt;(CarsGuideHomePageActions.java:15)&#13;&#10;&#9;at pages.actions.CarsGuideHomePageActions.&lt;init&gt;(CarsGuideHomePageActions.java:15)&#13;&#10;&#9;at pages.actions.CarsGuideHomePageActions.&lt;init&gt;(CarsGuideHomePageActions.java:15)&#13;&#10;&#9;at pages.actions.CarsGuideHomePageActions.&lt;init&gt;(CarsGuideHomePageActions.java:15)&#13;&#10;&#9;at pages.actions.CarsGuideHomePageActions.&lt;init&gt;(CarsGuideHomePageActions.java:15)&#13;&#10;&#9;at pages.actions.CarsGuideHomePageActions.&lt;init&gt;(CarsGuideHomePageActions.java:15)&#13;&#10;&#9;at pages.actions.CarsGuideHomePageActions.&lt;init&gt;(CarsGuideHomePageActions.java:15)&#13;&#10;&#9;at pages.actions.CarsGuideHomePageActions.&lt;init&gt;(CarsGuideHomePageActions.java:15)&#13;&#10;&#9;at pages.actions.CarsGuideHomePageActions.&lt;init&gt;(CarsGuideHomePageActions.java:15)&#13;&#10;&#9;at pages.actions.CarsGuideHomePageActions.&lt;init&gt;(CarsGuideHomePageActions.java:15)&#13;&#10;&#9;at pages.actions.CarsGuideHomePageActions.&lt;init&gt;(CarsGuideHomePageActions.java:15)&#13;&#10;&#9;at pages.actions.CarsGuideHomePageActions.&lt;init&gt;(CarsGuideHomePageActions.java:15)&#13;&#10;&#9;at pages.actions.CarsGuideHomePageActions.&lt;init&gt;(CarsGuideHomePageActions.java:15)&#13;&#10;&#9;at pages.actions.CarsGuideHomePageActions.&lt;init&gt;(CarsGuideHomePageActions.java:15)&#13;&#10;&#9;at pages.actions.CarsGuideHomePageActions.&lt;init&gt;(CarsGuideHomePageActions.java:15)&#13;&#10;&#9;at pages.actions.CarsGuideHomePageActions.&lt;init&gt;(CarsGuideHomePageActions.java:15)&#13;&#10;&#9;at pages.actions.CarsGuideHomePageActions.&lt;init&gt;(CarsGuideHomePageActions.java:15)&#13;&#10;&#9;at pages.actions.CarsGuideHomePageActions.&lt;init&gt;(CarsGuideHomePageActions.java:15)&#13;&#10;&#9;at pages.actions.CarsGuideHomePageActions.&lt;init&gt;(CarsGuideHomePageActions.java:15)&#13;&#10;&#9;at pages.actions.CarsGuideHomePageActions.&lt;init&gt;(CarsGuideHomePageActions.java:15)&#13;&#10;&#9;at pages.actions.CarsGuideHomePageActions.&lt;init&gt;(CarsGuideHomePageActions.java:15)&#13;&#10;&#9;at pages.actions.CarsGuideHomePageActions.&lt;init&gt;(CarsGuideHomePageActions.java:15)&#13;&#10;&#9;at pages.actions.CarsGuideHomePageActions.&lt;init&gt;(CarsGuideHomePageActions.java:15)&#13;&#10;&#9;at pages.actions.CarsGuideHomePageActions.&lt;init&gt;(CarsGuideHomePageActions.java:15)&#13;&#10;&#9;at pages.actions.CarsGuideHomePageActions.&lt;init&gt;(CarsGuideHomePageActions.java:15)&#13;&#10;&#9;at pages.actions.CarsGuideHomePageActions.&lt;init&gt;(CarsGuideHomePageActions.java:15)&#13;&#10;&#9;at pages.actions.CarsGuideHomePageActions.&lt;init&gt;(CarsGuideHomePageActions.java:15)&#13;&#10;&#9;at pages.actions.CarsGuideHomePageActions.&lt;init&gt;(CarsGuideHomePageActions.java:15)&#13;&#10;&#9;at pages.actions.CarsGuideHomePageActions.&lt;init&gt;(CarsGuideHomePageActions.java:15)&#13;&#10;&#9;at pages.actions.CarsGuideHomePageActions.&lt;init&gt;(CarsGuideHomePageActions.java:15)&#13;&#10;&#9;at pages.actions.CarsGuideHomePageActions.&lt;init&gt;(CarsGuideHomePageActions.java:15)&#13;&#10;&#9;at pages.actions.CarsGuideHomePageActions.&lt;init&gt;(CarsGuideHomePageActions.java:15)&#13;&#10;&#9;at pages.actions.CarsGuideHomePageActions.&lt;init&gt;(CarsGuideHomePageActions.java:15)&#13;&#10;&#9;at pages.actions.CarsGuideHomePageActions.&lt;init&gt;(CarsGuideHomePageActions.java:15)&#13;&#10;&#9;at pages.actions.CarsGuideHomePageActions.&lt;init&gt;(CarsGuideHomePageActions.java:15)&#13;&#10;&#9;at pages.actions.CarsGuideHomePageActions.&lt;init&gt;(CarsGuideHomePageActions.java:15)&#13;&#10;&#9;at pages.actions.CarsGuideHomePageActions.&lt;init&gt;(CarsGuideHomePageActions.java:15)&#13;&#10;&#9;at pages.actions.CarsGuideHomePageActions.&lt;init&gt;(CarsGuideHomePageActions.java:15)&#13;&#10;&#9;at pages.actions.CarsGuideHomePageActions.&lt;init&gt;(CarsGuideHomePageActions.java:15)&#13;&#10;&#9;at pages.actions.CarsGuideHomePageActions.&lt;init&gt;(CarsGuideHomePageActions.java:15)&#13;&#10;&#9;at pages.actions.CarsGuideHomePageActions.&lt;init&gt;(CarsGuideHomePageActions.java:15)&#13;&#10;&#9;at pages.actions.CarsGuideHomePageActions.&lt;init&gt;(CarsGuideHomePageActions.java:15)&#13;&#10;&#9;at pages.actions.CarsGuideHomePageActions.&lt;init&gt;(CarsGuideHomePageActions.java:15)&#13;&#10;&#9;at pages.actions.CarsGuideHomePageActions.&lt;init&gt;(CarsGuideHomePageActions.java:15)&#13;&#10;&#9;at pages.actions.CarsGuideHomePageActions.&lt;init&gt;(CarsGuideHomePageActions.java:15)&#13;&#10;&#9;at pages.actions.CarsGuideHomePageActions.&lt;init&gt;(CarsGuideHomePageActions.java:15)&#13;&#10;&#9;at pages.actions.CarsGuideHomePageActions.&lt;init&gt;(CarsGuideHomePageActions.java:15)&#13;&#10;&#9;at pages.actions.CarsGuideHomePageActions.&lt;init&gt;(CarsGuideHomePageActions.java:15)&#13;&#10;&#9;at pages.actions.CarsGuideHomePageActions.&lt;init&gt;(CarsGuideHomePageActions.java:15)&#13;&#10;&#9;at pages.actions.CarsGuideHomePageActions.&lt;init&gt;(CarsGuideHomePageActions.java:15)&#13;&#10;&#9;at pages.actions.CarsGuideHomePageActions.&lt;init&gt;(CarsGuideHomePageActions.java:15)&#13;&#10;&#9;at pages.actions.CarsGuideHomePageActions.&lt;init&gt;(CarsGuideHomePageActions.java:15)&#13;&#10;&#9;at pages.actions.CarsGuideHomePageActions.&lt;init&gt;(CarsGuideHomePageActions.java:15)&#13;&#10;&#9;at pages.actions.CarsGuideHomePageActions.&lt;init&gt;(CarsGuideHomePageActions.java:15)&#13;&#10;&#9;at pages.actions.CarsGuideHomePageActions.&lt;init&gt;(CarsGuideHomePageActions.java:15)&#13;&#10;&#9;at pages.actions.CarsGuideHomePageActions.&lt;init&gt;(CarsGuideHomePageActions.java:15)&#13;&#10;&#9;at pages.actions.CarsGuideHomePageActions.&lt;init&gt;(CarsGuideHomePageActions.java:15)&#13;&#10;&#9;at pages.actions.CarsGuideHomePageActions.&lt;init&gt;(CarsGuideHomePageActions.java:15)&#13;&#10;&#9;at pages.actions.CarsGuideHomePageActions.&lt;init&gt;(CarsGuideHomePageActions.java:15)&#13;&#10;&#9;at pages.actions.CarsGuideHomePageActions.&lt;init&gt;(CarsGuideHomePageActions.java:15)&#13;&#10;&#9;at pages.actions.CarsGuideHomePageActions.&lt;init&gt;(CarsGuideHomePageActions.java:15)&#13;&#10;&#9;at pages.actions.CarsGuideHomePageActions.&lt;init&gt;(CarsGuideHomePageActions.java:15)&#13;&#10;&#9;at pages.actions.CarsGuideHomePageActions.&lt;init&gt;(CarsGuideHomePageActions.java:15)&#13;&#10;&#9;at pages.actions.CarsGuideHomePageActions.&lt;init&gt;(CarsGuideHomePageActions.java:15)&#13;&#10;&#9;at pages.actions.CarsGuideHomePageActions.&lt;init&gt;(CarsGuideHomePageActions.java:15)&#13;&#10;&#9;at pages.actions.CarsGuideHomePageActions.&lt;init&gt;(CarsGuideHomePageActions.java:15)&#13;&#10;&#9;at pages.actions.CarsGuideHomePageActions.&lt;init&gt;(CarsGuideHomePageActions.java:15)&#13;&#10;&#9;at pages.actions.CarsGuideHomePageActions.&lt;init&gt;(CarsGuideHomePageActions.java:15)&#13;&#10;&#9;at pages.actions.CarsGuideHomePageActions.&lt;init&gt;(CarsGuideHomePageActions.java:15)&#13;&#10;&#9;at pages.actions.CarsGuideHomePageActions.&lt;init&gt;(CarsGuideHomePageActions.java:15)&#13;&#10;&#9;at pages.actions.CarsGuideHomePageActions.&lt;init&gt;(CarsGuideHomePageActions.java:15)&#13;&#10;&#9;at pages.actions.CarsGuideHomePageActions.&lt;init&gt;(CarsGuideHomePageActions.java:15)&#13;&#10;&#9;at pages.actions.CarsGuideHomePageActions.&lt;init&gt;(CarsGuideHomePageActions.java:15)&#13;&#10;&#9;at pages.actions.CarsGuideHomePageActions.&lt;init&gt;(CarsGuideHomePageActions.java:15)&#13;&#10;&#9;at pages.actions.CarsGuideHomePageActions.&lt;init&gt;(CarsGuideHomePageActions.java:15)&#13;&#10;&#9;at pages.actions.CarsGuideHomePageActions.&lt;init&gt;(CarsGuideHomePageActions.java:15)&#13;&#10;&#9;at pages.actions.CarsGuideHomePageActions.&lt;init&gt;(CarsGuideHomePageActions.java:15)&#13;&#10;&#9;at pages.actions.CarsGuideHomePageActions.&lt;init&gt;(CarsGuideHomePageActions.java:15)&#13;&#10;&#9;at pages.actions.CarsGuideHomePageActions.&lt;init&gt;(CarsGuideHomePageActions.java:15)&#13;&#10;&#9;at pages.actions.CarsGuideHomePageActions.&lt;init&gt;(CarsGuideHomePageActions.java:15)&#13;&#10;&#9;at pages.actions.CarsGuideHomePageActions.&lt;init&gt;(CarsGuideHomePageActions.java:15)&#13;&#10;&#9;at pages.actions.CarsGuideHomePageActions.&lt;init&gt;(CarsGuideHomePageActions.java:15)&#13;&#10;&#9;at pages.actions.CarsGuideHomePageActions.&lt;init&gt;(CarsGuideHomePageActions.java:15)&#13;&#10;&#9;at pages.actions.CarsGuideHomePageActions.&lt;init&gt;(CarsGuideHomePageActions.java:15)&#13;&#10;&#9;at pages.actions.CarsGuideHomePageActions.&lt;init&gt;(CarsGuideHomePageActions.java:15)&#13;&#10;&#9;at pages.actions.CarsGuideHomePageActions.&lt;init&gt;(CarsGuideHomePageActions.java:15)&#13;&#10;&#9;at pages.actions.CarsGuideHomePageActions.&lt;init&gt;(CarsGuideHomePageActions.java:15)&#13;&#10;&#9;at pages.actions.CarsGuideHomePageActions.&lt;init&gt;(CarsGuideHomePageActions.java:15)&#13;&#10;&#9;at pages.actions.CarsGuideHomePageActions.&lt;init&gt;(CarsGuideHomePageActions.java:15)&#13;&#10;&#9;at pages.actions.CarsGuideHomePageActions.&lt;init&gt;(CarsGuideHomePageActions.java:15)&#13;&#10;&#9;at pages.actions.CarsGuideHomePageActions.&lt;init&gt;(CarsGuideHomePageActions.java:15)&#13;&#10;&#9;at pages.actions.CarsGuideHomePageActions.&lt;init&gt;(CarsGuideHomePageActions.java:15)&#13;&#10;&#9;at pages.actions.CarsGuideHomePageActions.&lt;init&gt;(CarsGuideHomePageActions.java:15)&#13;&#10;&#9;at pages.actions.CarsGuideHomePageActions.&lt;init&gt;(CarsGuideHomePageActions.java:15)&#13;&#10;&#9;at pages.actions.CarsGuideHomePageActions.&lt;init&gt;(CarsGuideHomePageActions.java:15)&#13;&#10;&#9;at pages.actions.CarsGuideHomePageActions.&lt;init&gt;(CarsGuideHomePageActions.java:15)&#13;&#10;&#9;at pages.actions.CarsGuideHomePageActions.&lt;init&gt;(CarsGuideHomePageActions.java:15)&#13;&#10;&#9;at pages.actions.CarsGuideHomePageActions.&lt;init&gt;(CarsGuideHomePageActions.java:15)&#13;&#10;&#9;at pages.actions.CarsGuideHomePageActions.&lt;init&gt;(CarsGuideHomePageActions.java:15)&#13;&#10;&#9;at pages.actions.CarsGuideHomePageActions.&lt;init&gt;(CarsGuideHomePageActions.java:15)&#13;&#10;&#9;at pages.actions.CarsGuideHomePageActions.&lt;init&gt;(CarsGuideHomePageActions.java:15)&#13;&#10;&#9;at pages.actions.CarsGuideHomePageActions.&lt;init&gt;(CarsGuideHomePageActions.java:15)&#13;&#10;&#9;at pages.actions.CarsGuideHomePageActions.&lt;init&gt;(CarsGuideHomePageActions.java:15)&#13;&#10;&#9;at pages.actions.CarsGuideHomePageActions.&lt;init&gt;(CarsGuideHomePageActions.java:15)&#13;&#10;&#9;at pages.actions.CarsGuideHomePageActions.&lt;init&gt;(CarsGuideHomePageActions.java:15)&#13;&#10;&#9;at pages.actions.CarsGuideHomePageActions.&lt;init&gt;(CarsGuideHomePageActions.java:15)&#13;&#10;&#9;at pages.actions.CarsGuideHomePageActions.&lt;init&gt;(CarsGuideHomePageActions.java:15)&#13;&#10;&#9;at pages.actions.CarsGuideHomePageActions.&lt;init&gt;(CarsGuideHomePageActions.java:15)&#13;&#10;&#9;at pages.actions.CarsGuideHomePageActions.&lt;init&gt;(CarsGuideHomePageActions.java:15)&#13;&#10;&#9;at pages.actions.CarsGuideHomePageActions.&lt;init&gt;(CarsGuideHomePageActions.java:15)&#13;&#10;&#9;at pages.actions.CarsGuideHomePageActions.&lt;init&gt;(CarsGuideHomePageActions.java:15)&#13;&#10;&#9;at pages.actions.CarsGuideHomePageActions.&lt;init&gt;(CarsGuideHomePageActions.java:15)&#13;&#10;&#9;at pages.actions.CarsGuideHomePageActions.&lt;init&gt;(CarsGuideHomePageActions.java:15)&#13;&#10;&#9;at pages.actions.CarsGuideHomePageActions.&lt;init&gt;(CarsGuideHomePageActions.java:15)&#13;&#10;&#9;at pages.actions.CarsGuideHomePageActions.&lt;init&gt;(CarsGuideHomePageActions.java:15)&#13;&#10;&#9;at pages.actions.CarsGuideHomePageActions.&lt;init&gt;(CarsGuideHomePageActions.java:15)&#13;&#10;&#9;at pages.actions.CarsGuideHomePageActions.&lt;init&gt;(CarsGuideHomePageActions.java:15)&#13;&#10;&#9;at pages.actions.CarsGuideHomePageActions.&lt;init&gt;(CarsGuideHomePageActions.java:15)&#13;&#10;&#9;at pages.actions.CarsGuideHomePageActions.&lt;init&gt;(CarsGuideHomePageActions.java:15)&#13;&#10;&#9;at pages.actions.CarsGuideHomePageActions.&lt;init&gt;(CarsGuideHomePageActions.java:15)&#13;&#10;&#9;at pages.actions.CarsGuideHomePageActions.&lt;init&gt;(CarsGuideHomePageActions.java:15)&#13;&#10;&#9;at pages.actions.CarsGuideHomePageActions.&lt;init&gt;(CarsGuideHomePageActions.java:15)&#13;&#10;&#9;at pages.actions.CarsGuideHomePageActions.&lt;init&gt;(CarsGuideHomePageActions.java:15)&#13;&#10;&#9;at pages.actions.CarsGuideHomePageActions.&lt;init&gt;(CarsGuideHomePageActions.java:15)&#13;&#10;&#9;at pages.actions.CarsGuideHomePageActions.&lt;init&gt;(CarsGuideHomePageActions.java:15)&#13;&#10;&#9;at pages.actions.CarsGuideHomePageActions.&lt;init&gt;(CarsGuideHomePageActions.java:15)&#13;&#10;&#9;at pages.actions.CarsGuideHomePageActions.&lt;init&gt;(CarsGuideHomePageActions.java:15)&#13;&#10;&#9;at pages.actions.CarsGuideHomePageActions.&lt;init&gt;(CarsGuideHomePageActions.java:15)&#13;&#10;&#9;at pages.actions.CarsGuideHomePageActions.&lt;init&gt;(CarsGuideHomePageActions.java:15)&#13;&#10;&#9;at pages.actions.CarsGuideHomePageActions.&lt;init&gt;(CarsGuideHomePageActions.java:15)&#13;&#10;&#9;at pages.actions.CarsGuideHomePageActions.&lt;init&gt;(CarsGuideHomePageActions.java:15)&#13;&#10;&#9;at pages.actions.CarsGuideHomePageActions.&lt;init&gt;(CarsGuideHomePageActions.java:15)&#13;&#10;&#9;at pages.actions.CarsGuideHomePageActions.&lt;init&gt;(CarsGuideHomePageActions.java:15)&#13;&#10;&#9;at pages.actions.CarsGuideHomePageActions.&lt;init&gt;(CarsGuideHomePageActions.java:15)&#13;&#10;&#9;at pages.actions.CarsGuideHomePageActions.&lt;init&gt;(CarsGuideHomePageActions.java:15)&#13;&#10;&#9;at pages.actions.CarsGuideHomePageActions.&lt;init&gt;(CarsGuideHomePageActions.java:15)&#13;&#10;&#9;at pages.actions.CarsGuideHomePageActions.&lt;init&gt;(CarsGuideHomePageActions.java:15)&#13;&#10;&#9;at pages.actions.CarsGuideHomePageActions.&lt;init&gt;(CarsGuideHomePageActions.java:15)&#13;&#10;&#9;at pages.actions.CarsGuideHomePageActions.&lt;init&gt;(CarsGuideHomePageActions.java:15)&#13;&#10;&#9;at pages.actions.CarsGuideHomePageActions.&lt;init&gt;(CarsGuideHomePageActions.java:15)&#13;&#10;&#9;at pages.actions.CarsGuideHomePageActions.&lt;init&gt;(CarsGuideHomePageActions.java:15)&#13;&#10;&#9;at pages.actions.CarsGuideHomePageActions.&lt;init&gt;(CarsGuideHomePageActions.java:15)&#13;&#10;&#9;at pages.actions.CarsGuideHomePageActions.&lt;init&gt;(CarsGuideHomePageActions.java:15)&#13;&#10;&#9;at pages.actions.CarsGuideHomePageActions.&lt;init&gt;(CarsGuideHomePageActions.java:15)&#13;&#10;&#9;at pages.actions.CarsGuideHomePageActions.&lt;init&gt;(CarsGuideHomePageActions.java:15)&#13;&#10;&#9;at pages.actions.CarsGuideHomePageActions.&lt;init&gt;(CarsGuideHomePageActions.java:15)&#13;&#10;&#9;at pages.actions.CarsGuideHomePageActions.&lt;init&gt;(CarsGuideHomePageActions.java:15)&#13;&#10;&#9;at pages.actions.CarsGuideHomePageActions.&lt;init&gt;(CarsGuideHomePageActions.java:15)&#13;&#10;&#9;at pages.actions.CarsGuideHomePageActions.&lt;init&gt;(CarsGuideHomePageActions.java:15)&#13;&#10;&#9;at pages.actions.CarsGuideHomePageActions.&lt;init&gt;(CarsGuideHomePageActions.java:15)&#13;&#10;&#9;at pages.actions.CarsGuideHomePageActions.&lt;init&gt;(CarsGuideHomePageActions.java:15)&#13;&#10;&#9;at pages.actions.CarsGuideHomePageActions.&lt;init&gt;(CarsGuideHomePageActions.java:15)&#13;&#10;&#9;at pages.actions.CarsGuideHomePageActions.&lt;init&gt;(CarsGuideHomePageActions.java:15)&#13;&#10;&#9;at pages.actions.CarsGuideHomePageActions.&lt;init&gt;(CarsGuideHomePageActions.java:15)&#13;&#10;&#9;at pages.actions.CarsGuideHomePageActions.&lt;init&gt;(CarsGuideHomePageActions.java:15)&#13;&#10;&#9;at pages.actions.CarsGuideHomePageActions.&lt;init&gt;(CarsGuideHomePageActions.java:15)&#13;&#10;&#9;at pages.actions.CarsGuideHomePageActions.&lt;init&gt;(CarsGuideHomePageActions.java:15)&#13;&#10;&#9;at pages.actions.CarsGuideHomePageActions.&lt;init&gt;(CarsGuideHomePageActions.java:15)&#13;&#10;&#9;at pages.actions.CarsGuideHomePageActions.&lt;init&gt;(CarsGuideHomePageActions.java:15)&#13;&#10;&#9;at pages.actions.CarsGuideHomePageActions.&lt;init&gt;(CarsGuideHomePageActions.java:15)&#13;&#10;&#9;at pages.actions.CarsGuideHomePageActions.&lt;init&gt;(CarsGuideHomePageActions.java:15)&#13;&#10;&#9;at pages.actions.CarsGuideHomePageActions.&lt;init&gt;(CarsGuideHomePageActions.java:15)&#13;&#10;&#9;at pages.actions.CarsGuideHomePageActions.&lt;init&gt;(CarsGuideHomePageActions.java:15)&#13;&#10;&#9;at pages.actions.CarsGuideHomePageActions.&lt;init&gt;(CarsGuideHomePageActions.java:15)&#13;&#10;&#9;at pages.actions.CarsGuideHomePageActions.&lt;init&gt;(CarsGuideHomePageActions.java:15)&#13;&#10;&#9;at pages.actions.CarsGuideHomePageActions.&lt;init&gt;(CarsGuideHomePageActions.java:15)&#13;&#10;&#9;at pages.actions.CarsGuideHomePageActions.&lt;init&gt;(CarsGuideHomePageActions.java:15)&#13;&#10;&#9;at pages.actions.CarsGuideHomePageActions.&lt;init&gt;(CarsGuideHomePageActions.java:15)&#13;&#10;&#9;at pages.actions.CarsGuideHomePageActions.&lt;init&gt;(CarsGuideHomePageActions.java:15)&#13;&#10;&#9;at pages.actions.CarsGuideHomePageActions.&lt;init&gt;(CarsGuideHomePageActions.java:15)&#13;&#10;&#9;at pages.actions.CarsGuideHomePageActions.&lt;init&gt;(CarsGuideHomePageActions.java:15)&#13;&#10;&#9;at pages.actions.CarsGuideHomePageActions.&lt;init&gt;(CarsGuideHomePageActions.java:15)&#13;&#10;&#9;at pages.actions.CarsGuideHomePageActions.&lt;init&gt;(CarsGuideHomePageActions.java:15)&#13;&#10;&#9;at pages.actions.CarsGuideHomePageActions.&lt;init&gt;(CarsGuideHomePageActions.java:15)&#13;&#10;&#9;at pages.actions.CarsGuideHomePageActions.&lt;init&gt;(CarsGuideHomePageActions.java:15)&#13;&#10;&#9;at pages.actions.CarsGuideHomePageActions.&lt;init&gt;(CarsGuideHomePageActions.java:15)&#13;&#10;&#9;at pages.actions.CarsGuideHomePageActions.&lt;init&gt;(CarsGuideHomePageActions.java:15)&#13;&#10;&#9;at pages.actions.CarsGuideHomePageActions.&lt;init&gt;(CarsGuideHomePageActions.java:15)&#13;&#10;&#9;at pages.actions.CarsGuideHomePageActions.&lt;init&gt;(CarsGuideHomePageActions.java:15)&#13;&#10;&#9;at pages.actions.CarsGuideHomePageActions.&lt;init&gt;(CarsGuideHomePageActions.java:15)&#13;&#10;&#9;at pages.actions.CarsGuideHomePageActions.&lt;init&gt;(CarsGuideHomePageActions.java:15)&#13;&#10;&#9;at pages.actions.CarsGuideHomePageActions.&lt;init&gt;(CarsGuideHomePageActions.java:15)&#13;&#10;&#9;at pages.actions.CarsGuideHomePageActions.&lt;init&gt;(CarsGuideHomePageActions.java:15)&#13;&#10;&#9;at pages.actions.CarsGuideHomePageActions.&lt;init&gt;(CarsGuideHomePageActions.java:15)&#13;&#10;&#9;at pages.actions.CarsGuideHomePageActions.&lt;init&gt;(CarsGuideHomePageActions.java:15)&#13;&#10;&#9;at pages.actions.CarsGuideHomePageActions.&lt;init&gt;(CarsGuideHomePageActions.java:15)&#13;&#10;&#9;at pages.actions.CarsGuideHomePageActions.&lt;init&gt;(CarsGuideHomePageActions.java:15)&#13;&#10;&#9;at pages.actions.CarsGuideHomePageActions.&lt;init&gt;(CarsGuideHomePageActions.java:15)&#13;&#10;&#9;at pages.actions.CarsGuideHomePageActions.&lt;init&gt;(CarsGuideHomePageActions.java:15)&#13;&#10;&#9;at pages.actions.CarsGuideHomePageActions.&lt;init&gt;(CarsGuideHomePageActions.java:15)&#13;&#10;&#9;at pages.actions.CarsGuideHomePageActions.&lt;init&gt;(CarsGuideHomePageActions.java:15)&#13;&#10;&#9;at pages.actions.CarsGuideHomePageActions.&lt;init&gt;(CarsGuideHomePageActions.java:15)&#13;&#10;&#9;at pages.actions.CarsGuideHomePageActions.&lt;init&gt;(CarsGuideHomePageActions.java:15)&#13;&#10;&#9;at pages.actions.CarsGuideHomePageActions.&lt;init&gt;(CarsGuideHomePageActions.java:15)&#13;&#10;&#9;at pages.actions.CarsGuideHomePageActions.&lt;init&gt;(CarsGuideHomePageActions.java:15)&#13;&#10;&#9;at pages.actions.CarsGuideHomePageActions.&lt;init&gt;(CarsGuideHomePageActions.java:15)&#13;&#10;&#9;at pages.actions.CarsGuideHomePageActions.&lt;init&gt;(CarsGuideHomePageActions.java:15)&#13;&#10;&#9;at pages.actions.CarsGuideHomePageActions.&lt;init&gt;(CarsGuideHomePageActions.java:15)&#13;&#10;&#9;at pages.actions.CarsGuideHomePageActions.&lt;init&gt;(CarsGuideHomePageActions.java:15)&#13;&#10;&#9;at pages.actions.CarsGuideHomePageActions.&lt;init&gt;(CarsGuideHomePageActions.java:15)&#13;&#10;&#9;at pages.actions.CarsGuideHomePageActions.&lt;init&gt;(CarsGuideHomePageActions.java:15)&#13;&#10;&#9;at pages.actions.CarsGuideHomePageActions.&lt;init&gt;(CarsGuideHomePageActions.java:15)&#13;&#10;&#9;at pages.actions.CarsGuideHomePageActions.&lt;init&gt;(CarsGuideHomePageActions.java:15)&#13;&#10;&#9;at pages.actions.CarsGuideHomePageActions.&lt;init&gt;(CarsGuideHomePageActions.java:15)&#13;&#10;&#9;at pages.actions.CarsGuideHomePageActions.&lt;init&gt;(CarsGuideHomePageActions.java:15)&#13;&#10;&#9;at pages.actions.CarsGuideHomePageActions.&lt;init&gt;(CarsGuideHomePageActions.java:15)&#13;&#10;&#9;at pages.actions.CarsGuideHomePageActions.&lt;init&gt;(CarsGuideHomePageActions.java:15)&#13;&#10;&#9;at pages.actions.CarsGuideHomePageActions.&lt;init&gt;(CarsGuideHomePageActions.java:15)&#13;&#10;&#9;at pages.actions.CarsGuideHomePageActions.&lt;init&gt;(CarsGuideHomePageActions.java:15)&#13;&#10;&#9;at pages.actions.CarsGuideHomePageActions.&lt;init&gt;(CarsGuideHomePageActions.java:15)&#13;&#10;&#9;at pages.actions.CarsGuideHomePageActions.&lt;init&gt;(CarsGuideHomePageActions.java:15)&#13;&#10;&#9;at pages.actions.CarsGuideHomePageActions.&lt;init&gt;(CarsGuideHomePageActions.java:15)&#13;&#10;&#9;at pages.actions.CarsGuideHomePageActions.&lt;init&gt;(CarsGuideHomePageActions.java:15)&#13;&#10;&#9;at pages.actions.CarsGuideHomePageActions.&lt;init&gt;(CarsGuideHomePageActions.java:15)&#13;&#10;&#9;at pages.actions.CarsGuideHomePageActions.&lt;init&gt;(CarsGuideHomePageActions.java:15)&#13;&#10;&#9;at pages.actions.CarsGuideHomePageActions.&lt;init&gt;(CarsGuideHomePageActions.java:15)&#13;&#10;&#9;at pages.actions.CarsGuideHomePageActions.&lt;init&gt;(CarsGuideHomePageActions.java:15)&#13;&#10;&#9;at pages.actions.CarsGuideHomePageActions.&lt;init&gt;(CarsGuideHomePageActions.java:15)&#13;&#10;&#9;at pages.actions.CarsGuideHomePageActions.&lt;init&gt;(CarsGuideHomePageActions.java:15)&#13;&#10;&#9;at pages.actions.CarsGuideHomePageActions.&lt;init&gt;(CarsGuideHomePageActions.java:15)&#13;&#10;&#9;at pages.actions.CarsGuideHomePageActions.&lt;init&gt;(CarsGuideHomePageActions.java:15)&#13;&#10;&#9;at pages.actions.CarsGuideHomePageActions.&lt;init&gt;(CarsGuideHomePageActions.java:15)&#13;&#10;&#9;at pages.actions.CarsGuideHomePageActions.&lt;init&gt;(CarsGuideHomePageActions.java:15)&#13;&#10;&#9;at pages.actions.CarsGuideHomePageActions.&lt;init&gt;(CarsGuideHomePageActions.java:15)&#13;&#10;&#9;at pages.actions.CarsGuideHomePageActions.&lt;init&gt;(CarsGuideHomePageActions.java:15)&#13;&#10;&#9;at pages.actions.CarsGuideHomePageActions.&lt;init&gt;(CarsGuideHomePageActions.java:15)&#13;&#10;&#9;at pages.actions.CarsGuideHomePageActions.&lt;init&gt;(CarsGuideHomePageActions.java:15)&#13;&#10;&#9;at pages.actions.CarsGuideHomePageActions.&lt;init&gt;(CarsGuideHomePageActions.java:15)&#13;&#10;&#9;at pages.actions.CarsGuideHomePageActions.&lt;init&gt;(CarsGuideHomePageActions.java:15)&#13;&#10;&#9;at pages.actions.CarsGuideHomePageActions.&lt;init&gt;(CarsGuideHomePageActions.java:15)&#13;&#10;&#9;at pages.actions.CarsGuideHomePageActions.&lt;init&gt;(CarsGuideHomePageActions.java:15)&#13;&#10;&#9;at pages.actions.CarsGuideHomePageActions.&lt;init&gt;(CarsGuideHomePageActions.java:15)&#13;&#10;&#9;at pages.actions.CarsGuideHomePageActions.&lt;init&gt;(CarsGuideHomePageActions.java:15)&#13;&#10;&#9;at pages.actions.CarsGuideHomePageActions.&lt;init&gt;(CarsGuideHomePageActions.java:15)&#13;&#10;&#9;at pages.actions.CarsGuideHomePageActions.&lt;init&gt;(CarsGuideHomePageActions.java:15)&#13;&#10;&#9;at pages.actions.CarsGuideHomePageActions.&lt;init&gt;(CarsGuideHomePageActions.java:15)&#13;&#10;&#9;at pages.actions.CarsGuideHomePageActions.&lt;init&gt;(CarsGuideHomePageActions.java:15)&#13;&#10;&#9;at pages.actions.CarsGuideHomePageActions.&lt;init&gt;(CarsGuideHomePageActions.java:15)&#13;&#10;&#9;at pages.actions.CarsGuideHomePageActions.&lt;init&gt;(CarsGuideHomePageActions.java:15)&#13;&#10;&#9;at pages.actions.CarsGuideHomePageActions.&lt;init&gt;(CarsGuideHomePageActions.java:15)&#13;&#10;&#9;at pages.actions.CarsGuideHomePageActions.&lt;init&gt;(CarsGuideHomePageActions.java:15)&#13;&#10;&#9;at pages.actions.CarsGuideHomePageActions.&lt;init&gt;(CarsGuideHomePageActions.java:15)&#13;&#10;&#9;at pages.actions.CarsGuideHomePageActions.&lt;init&gt;(CarsGuideHomePageActions.java:15)&#13;&#10;&#9;at pages.actions.CarsGuideHomePageActions.&lt;init&gt;(CarsGuideHomePageActions.java:15)&#13;&#10;&#9;at pages.actions.CarsGuideHomePageActions.&lt;init&gt;(CarsGuideHomePageActions.java:15)&#13;&#10;&#9;at pages.actions.CarsGuideHomePageActions.&lt;init&gt;(CarsGuideHomePageActions.java:15)&#13;&#10;&#9;at pages.actions.CarsGuideHomePageActions.&lt;init&gt;(CarsGuideHomePageActions.java:15)&#13;&#10;&#9;at pages.actions.CarsGuideHomePageActions.&lt;init&gt;(CarsGuideHomePageActions.java:15)&#13;&#10;&#9;at pages.actions.CarsGuideHomePageActions.&lt;init&gt;(CarsGuideHomePageActions.java:15)&#13;&#10;&#9;at pages.actions.CarsGuideHomePageActions.&lt;init&gt;(CarsGuideHomePageActions.java:15)&#13;&#10;&#9;at pages.actions.CarsGuideHomePageActions.&lt;init&gt;(CarsGuideHomePageActions.java:15)&#13;&#10;&#9;at pages.actions.CarsGuideHomePageActions.&lt;init&gt;(CarsGuideHomePageActions.java:15)&#13;&#10;&#9;at pages.actions.CarsGuideHomePageActions.&lt;init&gt;(CarsGuideHomePageActions.java:15)&#13;&#10;&#9;at pages.actions.CarsGuideHomePageActions.&lt;init&gt;(CarsGuideHomePageActions.java:15)&#13;&#10;&#9;at pages.actions.CarsGuideHomePageActions.&lt;init&gt;(CarsGuideHomePageActions.java:15)&#13;&#10;&#9;at pages.actions.CarsGuideHomePageActions.&lt;init&gt;(CarsGuideHomePageActions.java:15)&#13;&#10;&#9;at pages.actions.CarsGuideHomePageActions.&lt;init&gt;(CarsGuideHomePageActions.java:15)&#13;&#10;&#9;at pages.actions.CarsGuideHomePageActions.&lt;init&gt;(CarsGuideHomePageActions.java:15)&#13;&#10;&#9;at pages.actions.CarsGuideHomePageActions.&lt;init&gt;(CarsGuideHomePageActions.java:15)&#13;&#10;&#9;at pages.actions.CarsGuideHomePageActions.&lt;init&gt;(CarsGuideHomePageActions.java:15)&#13;&#10;&#9;at pages.actions.CarsGuideHomePageActions.&lt;init&gt;(CarsGuideHomePageActions.java:15)&#13;&#10;&#9;at pages.actions.CarsGuideHomePageActions.&lt;init&gt;(CarsGuideHomePageActions.java:15)&#13;&#10;&#9;at pages.actions.CarsGuideHomePageActions.&lt;init&gt;(CarsGuideHomePageActions.java:15)&#13;&#10;&#9;at pages.actions.CarsGuideHomePageActions.&lt;init&gt;(CarsGuideHomePageActions.java:15)&#13;&#10;&#9;at pages.actions.CarsGuideHomePageActions.&lt;init&gt;(CarsGuideHomePageActions.java:15)&#13;&#10;&#9;at pages.actions.CarsGuideHomePageActions.&lt;init&gt;(CarsGuideHomePageActions.java:15)&#13;&#10;&#9;at pages.actions.CarsGuideHomePageActions.&lt;init&gt;(CarsGuideHomePageActions.java:15)&#13;&#10;&#9;at pages.actions.CarsGuideHomePageActions.&lt;init&gt;(CarsGuideHomePageActions.java:15)&#13;&#10;&#9;at pages.actions.CarsGuideHomePageActions.&lt;init&gt;(CarsGuideHomePageActions.java:15)&#13;&#10;&#9;at pages.actions.CarsGuideHomePageActions.&lt;init&gt;(CarsGuideHomePageActions.java:15)&#13;&#10;&#9;at pages.actions.CarsGuideHomePageActions.&lt;init&gt;(CarsGuideHomePageActions.java:15)&#13;&#10;&#9;at pages.actions.CarsGuideHomePageActions.&lt;init&gt;(CarsGuideHomePageActions.java:15)&#13;&#10;&#9;at pages.actions.CarsGuideHomePageActions.&lt;init&gt;(CarsGuideHomePageActions.java:15)&#13;&#10;&#9;at pages.actions.CarsGuideHomePageActions.&lt;init&gt;(CarsGuideHomePageActions.java:15)&#13;&#10;&#9;at pages.actions.CarsGuideHomePageActions.&lt;init&gt;(CarsGuideHomePageActions.java:15)&#13;&#10;&#9;at pages.actions.CarsGuideHomePageActions.&lt;init&gt;(CarsGuideHomePageActions.java:15)&#13;&#10;&#9;at pages.actions.CarsGuideHomePageActions.&lt;init&gt;(CarsGuideHomePageActions.java:15)&#13;&#10;&#9;at pages.actions.CarsGuideHomePageActions.&lt;init&gt;(CarsGuideHomePageActions.java:15)&#13;&#10;&#9;at pages.actions.CarsGuideHomePageActions.&lt;init&gt;(CarsGuideHomePageActions.java:15)&#13;&#10;&#9;at pages.actions.CarsGuideHomePageActions.&lt;init&gt;(CarsGuideHomePageActions.java:15)&#13;&#10;&#9;at pages.actions.CarsGuideHomePageActions.&lt;init&gt;(CarsGuideHomePageActions.java:15)&#13;&#10;&#9;at pages.actions.CarsGuideHomePageActions.&lt;init&gt;(CarsGuideHomePageActions.java:15)&#13;&#10;&#9;at pages.actions.CarsGuideHomePageActions.&lt;init&gt;(CarsGuideHomePageActions.java:15)&#13;&#10;&#9;at pages.actions.CarsGuideHomePageActions.&lt;init&gt;(CarsGuideHomePageActions.java:15)&#13;&#10;&#9;at pages.actions.CarsGuideHomePageActions.&lt;init&gt;(CarsGuideHomePageActions.java:15)&#13;&#10;&#9;at pages.actions.CarsGuideHomePageActions.&lt;init&gt;(CarsGuideHomePageActions.java:15)&#13;&#10;&#9;at pages.actions.CarsGuideHomePageActions.&lt;init&gt;(CarsGuideHomePageActions.java:15)&#13;&#10;&#9;at pages.actions.CarsGuideHomePageActions.&lt;init&gt;(CarsGuideHomePageActions.java:15)&#13;&#10;&#9;at pages.actions.CarsGuideHomePageActions.&lt;init&gt;(CarsGuideHomePageActions.java:15)&#13;&#10;&#9;at pages.actions.CarsGuideHomePageActions.&lt;init&gt;(CarsGuideHomePageActions.java:15)&#13;&#10;&#9;at pages.actions.CarsGuideHomePageActions.&lt;init&gt;(CarsGuideHomePageActions.java:15)&#13;&#10;&#9;at pages.actions.CarsGuideHomePageActions.&lt;init&gt;(CarsGuideHomePageActions.java:15)&#13;&#10;&#9;at pages.actions.CarsGuideHomePageActions.&lt;init&gt;(CarsGuideHomePageActions.java:15)&#13;&#10;&#9;at pages.actions.CarsGuideHomePageActions.&lt;init&gt;(CarsGuideHomePageActions.java:15)&#13;&#10;&#9;at pages.actions.CarsGuideHomePageActions.&lt;init&gt;(CarsGuideHomePageActions.java:15)&#13;&#10;&#9;at pages.actions.CarsGuideHomePageActions.&lt;init&gt;(CarsGuideHomePageActions.java:15)&#13;&#10;&#9;at pages.actions.CarsGuideHomePageActions.&lt;init&gt;(CarsGuideHomePageActions.java:15)&#13;&#10;&#9;at pages.actions.CarsGuideHomePageActions.&lt;init&gt;(CarsGuideHomePageActions.java:15)&#13;&#10;&#9;at pages.actions.CarsGuideHomePageActions.&lt;init&gt;(CarsGuideHomePageActions.java:15)&#13;&#10;&#9;at pages.actions.CarsGuideHomePageActions.&lt;init&gt;(CarsGuideHomePageActions.java:15)&#13;&#10;&#9;at pages.actions.CarsGuideHomePageActions.&lt;init&gt;(CarsGuideHomePageActions.java:15)&#13;&#10;&#9;at pages.actions.CarsGuideHomePageActions.&lt;init&gt;(CarsGuideHomePageActions.java:15)&#13;&#10;&#9;at pages.actions.CarsGuideHomePageActions.&lt;init&gt;(CarsGuideHomePageActions.java:15)&#13;&#10;&#9;at pages.actions.CarsGuideHomePageActions.&lt;init&gt;(CarsGuideHomePageActions.java:15)&#13;&#10;&#9;at pages.actions.CarsGuideHomePageActions.&lt;init&gt;(CarsGuideHomePageActions.java:15)&#13;&#10;&#9;at pages.actions.CarsGuideHomePageActions.&lt;init&gt;(CarsGuideHomePageActions.java:15)&#13;&#10;&#9;at pages.actions.CarsGuideHomePageActions.&lt;init&gt;(CarsGuideHomePageActions.java:15)&#13;&#10;&#9;at pages.actions.CarsGuideHomePageActions.&lt;init&gt;(CarsGuideHomePageActions.java:15)&#13;&#10;&#9;at pages.actions.CarsGuideHomePageActions.&lt;init&gt;(CarsGuideHomePageActions.java:15)&#13;&#10;&#9;at pages.actions.CarsGuideHomePageActions.&lt;init&gt;(CarsGuideHomePageActions.java:15)&#13;&#10;&#9;at pages.actions.CarsGuideHomePageActions.&lt;init&gt;(CarsGuideHomePageActions.java:15)&#13;&#10;&#9;at pages.actions.CarsGuideHomePageActions.&lt;init&gt;(CarsGuideHomePageActions.java:15)&#13;&#10;&#9;at pages.actions.CarsGuideHomePageActions.&lt;init&gt;(CarsGuideHomePageActions.java:15)&#13;&#10;&#9;at pages.actions.CarsGuideHomePageActions.&lt;init&gt;(CarsGuideHomePageActions.java:15)&#13;&#10;&#9;at pages.actions.CarsGuideHomePageActions.&lt;init&gt;(CarsGuideHomePageActions.java:15)&#13;&#10;&#9;at pages.actions.CarsGuideHomePageActions.&lt;init&gt;(CarsGuideHomePageActions.java:15)&#13;&#10;&#9;at pages.actions.CarsGuideHomePageActions.&lt;init&gt;(CarsGuideHomePageActions.java:15)&#13;&#10;&#9;at pages.actions.CarsGuideHomePageActions.&lt;init&gt;(CarsGuideHomePageActions.java:15)&#13;&#10;&#9;at pages.actions.CarsGuideHomePageActions.&lt;init&gt;(CarsGuideHomePageActions.java:15)&#13;&#10;&#9;at pages.actions.CarsGuideHomePageActions.&lt;init&gt;(CarsGuideHomePageActions.java:15)&#13;&#10;&#9;at pages.actions.CarsGuideHomePageActions.&lt;init&gt;(CarsGuideHomePageActions.java:15)&#13;&#10;&#9;at pages.actions.CarsGuideHomePageActions.&lt;init&gt;(CarsGuideHomePageActions.java:15)&#13;&#10;&#9;at pages.actions.CarsGuideHomePageActions.&lt;init&gt;(CarsGuideHomePageActions.java:15)&#13;&#10;&#9;at pages.actions.CarsGuideHomePageActions.&lt;init&gt;(CarsGuideHomePageActions.java:15)&#13;&#10;&#9;at pages.actions.CarsGuideHomePageActions.&lt;init&gt;(CarsGuideHomePageActions.java:15)&#13;&#10;&#9;at pages.actions.CarsGuideHomePageActions.&lt;init&gt;(CarsGuideHomePageActions.java:15)&#13;&#10;&#9;at pages.actions.CarsGuideHomePageActions.&lt;init&gt;(CarsGuideHomePageActions.java:15)&#13;&#10;&#9;at pages.actions.CarsGuideHomePageActions.&lt;init&gt;(CarsGuideHomePageActions.java:15)&#13;&#10;&#9;at pages.actions.CarsGuideHomePageActions.&lt;init&gt;(CarsGuideHomePageActions.java:15)&#13;&#10;&#9;at pages.actions.CarsGuideHomePageActions.&lt;init&gt;(CarsGuideHomePageActions.java:15)&#13;&#10;&#9;at pages.actions.CarsGuideHomePageActions.&lt;init&gt;(CarsGuideHomePageActions.java:15)&#13;&#10;&#9;at pages.actions.CarsGuideHomePageActions.&lt;init&gt;(CarsGuideHomePageActions.java:15)&#13;&#10;&#9;at pages.actions.CarsGuideHomePageActions.&lt;init&gt;(CarsGuideHomePageActions.java:15)&#13;&#10;&#9;at pages.actions.CarsGuideHomePageActions.&lt;init&gt;(CarsGuideHomePageActions.java:15)&#13;&#10;&#9;at pages.actions.CarsGuideHomePageActions.&lt;init&gt;(CarsGuideHomePageActions.java:15)&#13;&#10;&#9;at pages.actions.CarsGuideHomePageActions.&lt;init&gt;(CarsGuideHomePageActions.java:15)&#13;&#10;&#9;at pages.actions.CarsGuideHomePageActions.&lt;init&gt;(CarsGuideHomePageActions.java:15)&#13;&#10;&#9;at pages.actions.CarsGuideHomePageActions.&lt;init&gt;(CarsGuideHomePageActions.java:15)&#13;&#10;&#9;at pages.actions.CarsGuideHomePageActions.&lt;init&gt;(CarsGuideHomePageActions.java:15)&#13;&#10;&#9;at pages.actions.CarsGuideHomePageActions.&lt;init&gt;(CarsGuideHomePageActions.java:15)&#13;&#10;&#9;at pages.actions.CarsGuideHomePageActions.&lt;init&gt;(CarsGuideHomePageActions.java:15)&#13;&#10;&#9;at pages.actions.CarsGuideHomePageActions.&lt;init&gt;(CarsGuideHomePageActions.java:15)&#13;&#10;&#9;at pages.actions.CarsGuideHomePageActions.&lt;init&gt;(CarsGuideHomePageActions.java:15)&#13;&#10;&#9;at pages.actions.CarsGuideHomePageActions.&lt;init&gt;(CarsGuideHomePageActions.java:15)&#13;&#10;&#9;at pages.actions.CarsGuideHomePageActions.&lt;init&gt;(CarsGuideHomePageActions.java:15)&#13;&#10;&#9;at pages.actions.CarsGuideHomePageActions.&lt;init&gt;(CarsGuideHomePageActions.java:15)&#13;&#10;&#9;at pages.actions.CarsGuideHomePageActions.&lt;init&gt;(CarsGuideHomePageActions.java:15)&#13;&#10;&#9;at pages.actions.CarsGuideHomePageActions.&lt;init&gt;(CarsGuideHomePageActions.java:15)&#13;&#10;&#9;at pages.actions.CarsGuideHomePageActions.&lt;init&gt;(CarsGuideHomePageActions.java:15)&#13;&#10;&#9;at pages.actions.CarsGuideHomePageActions.&lt;init&gt;(CarsGuideHomePageActions.java:15)&#13;&#10;&#9;at pages.actions.CarsGuideHomePageActions.&lt;init&gt;(CarsGuideHomePageActions.java:15)&#13;&#10;&#9;at pages.actions.CarsGuideHomePageActions.&lt;init&gt;(CarsGuideHomePageActions.java:15)&#13;&#10;&#9;at pages.actions.CarsGuideHomePageActions.&lt;init&gt;(CarsGuideHomePageActions.java:15)&#13;&#10;&#9;at pages.actions.CarsGuideHomePageActions.&lt;init&gt;(CarsGuideHomePageActions.java:15)&#13;&#10;&#9;at pages.actions.CarsGuideHomePageActions.&lt;init&gt;(CarsGuideHomePageActions.java:15)&#13;&#10;&#9;at pages.actions.CarsGuideHomePageActions.&lt;init&gt;(CarsGuideHomePageActions.java:15)&#13;&#10;&#9;at pages.actions.CarsGuideHomePageActions.&lt;init&gt;(CarsGuideHomePageActions.java:15)&#13;&#10;&#9;at pages.actions.CarsGuideHomePageActions.&lt;init&gt;(CarsGuideHomePageActions.java:15)&#13;&#10;&#9;at pages.actions.CarsGuideHomePageActions.&lt;init&gt;(CarsGuideHomePageActions.java:15)&#13;&#10;&#9;at pages.actions.CarsGuideHomePageActions.&lt;init&gt;(CarsGuideHomePageActions.java:15)&#13;&#10;&#9;at pages.actions.CarsGuideHomePageActions.&lt;init&gt;(CarsGuideHomePageActions.java:15)&#13;&#10;&#9;at pages.actions.CarsGuideHomePageActions.&lt;init&gt;(CarsGuideHomePageActions.java:15)&#13;&#10;&#9;at pages.actions.CarsGuideHomePageActions.&lt;init&gt;(CarsGuideHomePageActions.java:15)&#13;&#10;&#9;at pages.actions.CarsGuideHomePageActions.&lt;init&gt;(CarsGuideHomePageActions.java:15)&#13;&#10;&#9;at pages.actions.CarsGuideHomePageActions.&lt;init&gt;(CarsGuideHomePageActions.java:15)&#13;&#10;&#9;at pages.actions.CarsGuideHomePageActions.&lt;init&gt;(CarsGuideHomePageActions.java:15)&#13;&#10;&#9;at pages.actions.CarsGuideHomePageActions.&lt;init&gt;(CarsGuideHomePageActions.java:15)&#13;&#10;&#9;at pages.actions.CarsGuideHomePageActions.&lt;init&gt;(CarsGuideHomePageActions.java:15)&#13;&#10;&#9;at pages.actions.CarsGuideHomePageActions.&lt;init&gt;(CarsGuideHomePageActions.java:15)&#13;&#10;&#9;at pages.actions.CarsGuideHomePageActions.&lt;init&gt;(CarsGuideHomePageActions.java:15)&#13;&#10;&#9;at pages.actions.CarsGuideHomePageActions.&lt;init&gt;(CarsGuideHomePageActions.java:15)&#13;&#10;&#9;at pages.actions.CarsGuideHomePageActions.&lt;init&gt;(CarsGuideHomePageActions.java:15)&#13;&#10;&#9;at pages.actions.CarsGuideHomePageActions.&lt;init&gt;(CarsGuideHomePageActions.java:15)&#13;&#10;&#9;at pages.actions.CarsGuideHomePageActions.&lt;init&gt;(CarsGuideHomePageActions.java:15)&#13;&#10;&#9;at pages.actions.CarsGuideHomePageActions.&lt;init&gt;(CarsGuideHomePageActions.java:15)&#13;&#10;&#9;at pages.actions.CarsGuideHomePageActions.&lt;init&gt;(CarsGuideHomePageActions.java:15)&#13;&#10;&#9;at pages.actions.CarsGuideHomePageActions.&lt;init&gt;(CarsGuideHomePageActions.java:15)&#13;&#10;&#9;at pages.actions.CarsGuideHomePageActions.&lt;init&gt;(CarsGuideHomePageActions.java:15)&#13;&#10;&#9;at pages.actions.CarsGuideHomePageActions.&lt;init&gt;(CarsGuideHomePageActions.java:15)&#13;&#10;&#9;at pages.actions.CarsGuideHomePageActions.&lt;init&gt;(CarsGuideHomePageActions.java:15)&#13;&#10;&#9;at pages.actions.CarsGuideHomePageActions.&lt;init&gt;(CarsGuideHomePageActions.java:15)&#13;&#10;&#9;at pages.actions.CarsGuideHomePageActions.&lt;init&gt;(CarsGuideHomePageActions.java:15)&#13;&#10;&#9;at pages.actions.CarsGuideHomePageActions.&lt;init&gt;(CarsGuideHomePageActions.java:15)&#13;&#10;&#9;at pages.actions.CarsGuideHomePageActions.&lt;init&gt;(CarsGuideHomePageActions.java:15)&#13;&#10;&#9;at pages.actions.CarsGuideHomePageActions.&lt;init&gt;(CarsGuideHomePageActions.java:15)&#13;&#10;&#9;at pages.actions.CarsGuideHomePageActions.&lt;init&gt;(CarsGuideHomePageActions.java:15)&#13;&#10;&#9;at pages.actions.CarsGuideHomePageActions.&lt;init&gt;(CarsGuideHomePageActions.java:15)&#13;&#10;&#9;at pages.actions.CarsGuideHomePageActions.&lt;init&gt;(CarsGuideHomePageActions.java:15)&#13;&#10;&#9;at pages.actions.CarsGuideHomePageActions.&lt;init&gt;(CarsGuideHomePageActions.java:15)&#13;&#10;&#9;at pages.actions.CarsGuideHomePageActions.&lt;init&gt;(CarsGuideHomePageActions.java:15)&#13;&#10;&#9;at pages.actions.CarsGuideHomePageActions.&lt;init&gt;(CarsGuideHomePageActions.java:15)&#13;&#10;&#9;at pages.actions.CarsGuideHomePageActions.&lt;init&gt;(CarsGuideHomePageActions.java:15)&#13;&#10;&#9;at pages.actions.CarsGuideHomePageActions.&lt;init&gt;(CarsGuideHomePageActions.java:15)&#13;&#10;&#9;at pages.actions.CarsGuideHomePageActions.&lt;init&gt;(CarsGuideHomePageActions.java:15)&#13;&#10;&#9;at pages.actions.CarsGuideHomePageActions.&lt;init&gt;(CarsGuideHomePageActions.java:15)&#13;&#10;&#9;at pages.actions.CarsGuideHomePageActions.&lt;init&gt;(CarsGuideHomePageActions.java:15)&#13;&#10;&#9;at pages.actions.CarsGuideHomePageActions.&lt;init&gt;(CarsGuideHomePageActions.java:15)&#13;&#10;&#9;at pages.actions.CarsGuideHomePageActions.&lt;init&gt;(CarsGuideHomePageActions.java:15)&#13;&#10;&#9;at pages.actions.CarsGuideHomePageActions.&lt;init&gt;(CarsGuideHomePageActions.java:15)&#13;&#10;&#9;at pages.actions.CarsGuideHomePageActions.&lt;init&gt;(CarsGuideHomePageActions.java:15)&#13;&#10;&#9;at pages.actions.CarsGuideHomePageActions.&lt;init&gt;(CarsGuideHomePageActions.java:15)&#13;&#10;&#9;at pages.actions.CarsGuideHomePageActions.&lt;init&gt;(CarsGuideHomePageActions.java:15)&#13;&#10;&#9;at pages.actions.CarsGuideHomePageActions.&lt;init&gt;(CarsGuideHomePageActions.java:15)&#13;&#10;&#9;at pages.actions.CarsGuideHomePageActions.&lt;init&gt;(CarsGuideHomePageActions.java:15)&#13;&#10;&#9;at pages.actions.CarsGuideHomePageActions.&lt;init&gt;(CarsGuideHomePageActions.java:15)&#13;&#10;&#9;at pages.actions.CarsGuideHomePageActions.&lt;init&gt;(CarsGuideHomePageActions.java:15)&#13;&#10;&#9;at pages.actions.CarsGuideHomePageActions.&lt;init&gt;(CarsGuideHomePageActions.java:15)&#13;&#10;&#9;at pages.actions.CarsGuideHomePageActions.&lt;init&gt;(CarsGuideHomePageActions.java:15)&#13;&#10;&#9;at pages.actions.CarsGuideHomePageActions.&lt;init&gt;(CarsGuideHomePageActions.java:15)&#13;&#10;&#9;at pages.actions.CarsGuideHomePageActions.&lt;init&gt;(CarsGuideHomePageActions.java:15)&#13;&#10;&#9;at pages.actions.CarsGuideHomePageActions.&lt;init&gt;(CarsGuideHomePageActions.java:15)&#13;&#10;&#9;at pages.actions.CarsGuideHomePageActions.&lt;init&gt;(CarsGuideHomePageActions.java:15)&#13;&#10;&#9;at pages.actions.CarsGuideHomePageActions.&lt;init&gt;(CarsGuideHomePageActions.java:15)&#13;&#10;&#9;at pages.actions.CarsGuideHomePageActions.&lt;init&gt;(CarsGuideHomePageActions.java:15)&#13;&#10;&#9;at pages.actions.CarsGuideHomePageActions.&lt;init&gt;(CarsGuideHomePageActions.java:15)&#13;&#10;&#9;at pages.actions.CarsGuideHomePageActions.&lt;init&gt;(CarsGuideHomePageActions.java:15)&#13;&#10;&#9;at pages.actions.CarsGuideHomePageActions.&lt;init&gt;(CarsGuideHomePageActions.java:15)&#13;&#10;&#9;at pages.actions.CarsGuideHomePageActions.&lt;init&gt;(CarsGuideHomePageActions.java:15)&#13;&#10;&#9;at pages.actions.CarsGuideHomePageActions.&lt;init&gt;(CarsGuideHomePageActions.java:15)&#13;&#10;&#9;at pages.actions.CarsGuideHomePageActions.&lt;init&gt;(CarsGuideHomePageActions.java:15)&#13;&#10;&#9;at pages.actions.CarsGuideHomePageActions.&lt;init&gt;(CarsGuideHomePageActions.java:15)&#13;&#10;&#9;at pages.actions.CarsGuideHomePageActions.&lt;init&gt;(CarsGuideHomePageActions.java:15)&#13;&#10;&#9;at pages.actions.CarsGuideHomePageActions.&lt;init&gt;(CarsGuideHomePageActions.java:15)&#13;&#10;&#9;at pages.actions.CarsGuideHomePageActions.&lt;init&gt;(CarsGuideHomePageActions.java:15)&#13;&#10;&#9;at pages.actions.CarsGuideHomePageActions.&lt;init&gt;(CarsGuideHomePageActions.java:15)&#13;&#10;&#9;at pages.actions.CarsGuideHomePageActions.&lt;init&gt;(CarsGuideHomePageActions.java:15)&#13;&#10;&#9;at pages.actions.CarsGuideHomePageActions.&lt;init&gt;(CarsGuideHomePageActions.java:15)&#13;&#10;&#9;at pages.actions.CarsGuideHomePageActions.&lt;init&gt;(CarsGuideHomePageActions.java:15)&#13;&#10;&#9;at pages.actions.CarsGuideHomePageActions.&lt;init&gt;(CarsGuideHomePageActions.java:15)&#13;&#10;&#9;at pages.actions.CarsGuideHomePageActions.&lt;init&gt;(CarsGuideHomePageActions.java:15)&#13;&#10;&#9;at pages.actions.CarsGuideHomePageActions.&lt;init&gt;(CarsGuideHomePageActions.java:15)&#13;&#10;&#9;at pages.actions.CarsGuideHomePageActions.&lt;init&gt;(CarsGuideHomePageActions.java:15)&#13;&#10;&#9;at pages.actions.CarsGuideHomePageActions.&lt;init&gt;(CarsGuideHomePageActions.java:15)&#13;&#10;&#9;at pages.actions.CarsGuideHomePageActions.&lt;init&gt;(CarsGuideHomePageActions.java:15)&#13;&#10;&#9;at pages.actions.CarsGuideHomePageActions.&lt;init&gt;(CarsGuideHomePageActions.java:15)&#13;&#10;&#9;at pages.actions.CarsGuideHomePageActions.&lt;init&gt;(CarsGuideHomePageActions.java:15)&#13;&#10;&#9;at pages.actions.CarsGuideHomePageActions.&lt;init&gt;(CarsGuideHomePageActions.java:15)&#13;&#10;&#9;at pages.actions.CarsGuideHomePageActions.&lt;init&gt;(CarsGuideHomePageActions.java:15)&#13;&#10;&#9;at pages.actions.CarsGuideHomePageActions.&lt;init&gt;(CarsGuideHomePageActions.java:15)&#13;&#10;&#9;at pages.actions.CarsGuideHomePageActions.&lt;init&gt;(CarsGuideHomePageActions.java:15)&#13;&#10;&#9;at pages.actions.CarsGuideHomePageActions.&lt;init&gt;(CarsGuideHomePageActions.java:15)&#13;&#10;&#9;at pages.actions.CarsGuideHomePageActions.&lt;init&gt;(CarsGuideHomePageActions.java:15)&#13;&#10;&#9;at pages.actions.CarsGuideHomePageActions.&lt;init&gt;(CarsGuideHomePageActions.java:15)&#13;&#10;&#9;at pages.actions.CarsGuideHomePageActions.&lt;init&gt;(CarsGuideHomePageActions.java:15)&#13;&#10;&#9;at pages.actions.CarsGuideHomePageActions.&lt;init&gt;(CarsGuideHomePageActions.java:15)&#13;&#10;&#9;at pages.actions.CarsGuideHomePageActions.&lt;init&gt;(CarsGuideHomePageActions.java:15)&#13;&#10;&#9;at pages.actions.CarsGuideHomePageActions.&lt;init&gt;(CarsGuideHomePageActions.java:15)&#13;&#10;&#9;at pages.actions.CarsGuideHomePageActions.&lt;init&gt;(CarsGuideHomePageActions.java:15)&#13;&#10;&#9;at pages.actions.CarsGuideHomePageActions.&lt;init&gt;(CarsGuideHomePageActions.java:15)&#13;&#10;&#9;at pages.actions.CarsGuideHomePageActions.&lt;init&gt;(CarsGuideHomePageActions.java:15)&#13;&#10;&#9;at pages.actions.CarsGuideHomePageActions.&lt;init&gt;(CarsGuideHomePageActions.java:15)&#13;&#10;&#9;at pages.actions.CarsGuideHomePageActions.&lt;init&gt;(CarsGuideHomePageActions.java:15)&#13;&#10;&#9;at pages.actions.CarsGuideHomePageActions.&lt;init&gt;(CarsGuideHomePageActions.java:15)&#13;&#10;&#9;at pages.actions.CarsGuideHomePageActions.&lt;init&gt;(CarsGuideHomePageActions.java:15)&#13;&#10;&#9;at pages.actions.CarsGuideHomePageActions.&lt;init&gt;(CarsGuideHomePageActions.java:15)&#13;&#10;&#9;at pages.actions.CarsGuideHomePageActions.&lt;init&gt;(CarsGuideHomePageActions.java:15)&#13;&#10;&#9;at pages.actions.CarsGuideHomePageActions.&lt;init&gt;(CarsGuideHomePageActions.java:15)&#13;&#10;&#9;at pages.actions.CarsGuideHomePageActions.&lt;init&gt;(CarsGuideHomePageActions.java:15)&#13;&#10;&#9;at pages.actions.CarsGuideHomePageActions.&lt;init&gt;(CarsGuideHomePageActions.java:15)&#13;&#10;&#9;at pages.actions.CarsGuideHomePageActions.&lt;init&gt;(CarsGuideHomePageActions.java:15)&#13
[...]
	at pages.actions.CarsGuideHomePageActions.<init>(CarsGuideHomePageActions.java:15)
	at pages.actions.CarsGuideHomePageActions.<init>(CarsGuideHomePageActions.java:15)
	at pages.actions.CarsGuideHomePageActions.<init>(CarsGuideHomePageActions.java:15)
	at pages.actions.CarsGuideHomePageActions.<init>(CarsGuideHomePageActions.java:15)
	at pages.actions.CarsGuideHomePageActions.<init>(CarsGuideHomePageActions.java:15)
	at pages.actions.CarsGuideHomePageActions.<init>(CarsGuideHomePageActions.java:15)
	at pages.actions.CarsGuideHomePageActions.<init>(CarsGuideHomePageActions.java:15)
	at pages.actions.CarsGuideHomePageActions.<init>(CarsGuideHomePageActions.java:15)
	at pages.actions.CarsGuideHomePageActions.<init>(CarsGuideHomePageActions.java:15)
	at pages.actions.CarsGuideHomePageActions.<init>(CarsGuideHomePageActions.java:15)
	at pages.actions.CarsGuideHomePageActions.<init>(CarsGuideHomePageActions.java:15)
	at pages.actions.CarsGuideHomePageActions.<init>(CarsGuideHomePageActions.java:15)
	at pages.actions.CarsGuideHomePageActions.<init>(CarsGuideHomePageActions.java:15)
	at pages.actions.CarsGuideHomePageActions.<init>(CarsGuideHomePageActions.java:15)
	at pages.actions.CarsGuideHomePageActions.<init>(CarsGuideHomePageActions.java:15)
	at pages.actions.CarsGuideHomePageActions.<init>(CarsGuideHomePageActions.java:15)
	at pages.actions.CarsGuideHomePageActions.<init>(CarsGuideHomePageActions.java:15)
	at pages.actions.CarsGuideHomePageActions.<init>(CarsGuideHomePageActions.java:15)
	at pages.actions.CarsGuideHomePageActions.<init>(CarsGuideHomePageActions.java:15)
	at pages.actions.CarsGuideHomePageActions.<init>(CarsGuideHomePageActions.java:15)
	at pages.actions.CarsGuideHomePageActions.<init>(CarsGuideHomePageActions.java:15)
	at pages.actions.CarsGuideHomePageActions.<init>(CarsGuideHomePageActions.java:15)
	at pages.actions.CarsGuideHomePageActions.<init>(CarsGuideHomePageActions.java:15)
	at pages.actions.CarsGuideHomePageActions.<init>(CarsGuideHomePageActions.java:15)
	at pages.actions.CarsGuideHomePageActions.<init>(CarsGuideHomePageActions.java:15)
	at pages.actions.CarsGuideHomePageActions.<init>(CarsGuideHomePageActions.java:15)
	at pages.actions.CarsGuideHomePageActions.<init>(CarsGuideHomePageActions.java:15)
	at pages.actions.CarsGuideHomePageActions.<init>(CarsGuideHomePageActions.java:15)
	at pages.actions.CarsGuideHomePageActions.<init>(CarsGuideHomePageActions.java:15)
	at pages.actions.CarsGuideHomePageActions.<init>(CarsGuideHomePageActions.java:15)
	at pages.actions.CarsGuideHomePageActions.<init>(CarsGuideHomePageActions.java:15)
	at pages.actions.CarsGuideHomePageActions.<init>(CarsGuideHomePageActions.java:15)
	at pages.actions.CarsGuideHomePageActions.<init>(CarsGuideHomePageActions.java:15)
	at pages.actions.CarsGuideHomePageActions.<init>(CarsGuideHomePageActions.java:15)
	at pages.actions.CarsGuideHomePageActions.<init>(CarsGuideHomePageActions.java:15)
	at pages.actions.CarsGuideHomePageActions.<init>(CarsGuideHomePageActions.java:15)
	at pages.actions.CarsGuideHomePageActions.<init>(CarsGuideHomePageActions.java:15)
	at pages.actions.CarsGuideHomePageActions.<init>(CarsGuideHomePageActions.java:15)
	at pages.actions.CarsGuideHomePageActions.<init>(CarsGuideHomePageActions.java:15)
	at pages.actions.CarsGuideHomePageActions.<init>(CarsGuideHomePageActions.java:15)
	at pages.actions.CarsGuideHomePageActions.<init>(CarsGuideHomePageActions.java:15)
	at pages.actions.CarsGuideHomePageActions.<init>(CarsGuideHomePageActions.java:15)
	at pages.actions.CarsGuideHomePageActions.<init>(CarsGuideHomePageActions.java:15)
	at pages.actions.CarsGuideHomePageActions.<init>(CarsGuideHomePageActions.java:15)
	at pages.actions.CarsGuideHomePageActions.<init>(CarsGuideHomePageActions.java:15)
	at pages.actions.CarsGuideHomePageActions.<init>(CarsGuideHomePageActions.java:15)
	at pages.actions.CarsGuideHomePageActions.<init>(CarsGuideHomePageActions.java:15)
	at pages.actions.CarsGuideHomePageActions.<init>(CarsGuideHomePageActions.java:15)
	at pages.actions.CarsGuideHomePageActions.<init>(CarsGuideHomePageActions.java:15)
	at pages.actions.CarsGuideHomePageActions.<init>(CarsGuideHomePageActions.java:15)
	at pages.actions.CarsGuideHomePageActions.<init>(CarsGuideHomePageActions.java:15)
	at pages.actions.CarsGuideHomePageActions.<init>(CarsGuideHomePageActions.java:15)
	at pages.actions.CarsGuideHomePageActions.<init>(CarsGuideHomePageActions.java:15)
	at pages.actions.CarsGuideHomePageActions.<init>(CarsGuideHomePageActions.java:15)
	at pages.actions.CarsGuideHomePageActions.<init>(CarsGuideHomePageActions.java:15)
	at pages.actions.CarsGuideHomePageActions.<init>(CarsGuideHomePageActions.java:15)
	at pages.actions.CarsGuideHomePageActions.<init>(CarsGuideHomePageActions.java:15)
	at pages.actions.CarsGuideHomePageActions.<init>(CarsGuideHomePageActions.java:15)
	at pages.actions.CarsGuideHomePageActions.<init>(CarsGuideHomePageActions.java:15)
	at pages.actions.CarsGuideHomePageActions.<init>(CarsGuideHomePageActions.java:15)
	at pages.actions.CarsGuideHomePageActions.<init>(CarsGuideHomePageActions.java:15)
	at pages.actions.CarsGuideHomePageActions.<init>(CarsGuideHomePageActions.java:15)
	at pages.actions.CarsGuideHomePageActions.<init>(CarsGuideHomePageActions.java:15)
	at pages.actions.CarsGuideHomePageActions.<init>(CarsGuideHomePageActions.java:15)
	at pages.actions.CarsGuideHomePageActions.<init>(CarsGuideHomePageActions.java:15)
	at pages.actions.CarsGuideHomePageActions.<init>(CarsGuideHomePageActions.java:15)
	at pages.actions.CarsGuideHomePageActions.<init>(CarsGuideHomePageActions.java:15)
	at pages.actions.CarsGuideHomePageActions.<init>(CarsGuideHomePageActions.java:15)
	at pages.actions.CarsGuideHomePageActions.<init>(CarsGuideHomePageActions.java:15)
	at pages.actions.CarsGuideHomePageActions.<init>(CarsGuideHomePageActions.java:15)
	at pages.actions.CarsGuideHomePageActions.<init>(CarsGuideHomePageActions.java:15)
	at pages.actions.CarsGuideHomePageActions.<init>(CarsGuideHomePageActions.java:15)
	at pages.actions.CarsGuideHomePageActions.<init>(CarsGuideHomePageActions.java:15)
	at pages.actions.CarsGuideHomePageActions.<init>(CarsGuideHomePageActions.java:15)
	at pages.actions.CarsGuideHomePageActions.<init>(CarsGuideHomePageActions.java:15)
	at pages.actions.CarsGuideHomePageActions.<init>(CarsGuideHomePageActions.java:15)
	at pages.actions.CarsGuideHomePageActions.<init>(CarsGuideHomePageActions.java:15)
	at pages.actions.CarsGuideHomePageActions.<init>(CarsGuideHomePageActions.java:15)
	at pages.actions.CarsGuideHomePageActions.<init>(CarsGuideHomePageActions.java:15)
	at pages.actions.CarsGuideHomePageActions.<init>(CarsGuideHomePageActions.java:15)
	at pages.actions.CarsGuideHomePageActions.<init>(CarsGuideHomePageActions.java:15)
	at pages.actions.CarsGuideHomePageActions.<init>(CarsGuideHomePageActions.java:15)
	at pages.actions.CarsGuideHomePageActions.<init>(CarsGuideHomePageActions.java:15)
	at pages.actions.CarsGuideHomePageActions.<init>(CarsGuideHomePageActions.java:15)
	at pages.actions.CarsGuideHomePageActions.<init>(CarsGuideHomePageActions.java:15)
	at pages.actions.CarsGuideHomePageActions.<init>(CarsGuideHomePageActions.java:15)
	at pages.actions.CarsGuideHomePageActions.<init>(CarsGuideHomePageActions.java:15)
	at pages.actions.CarsGuideHomePageActions.<init>(CarsGuideHomePageActions.java:15)
	at pages.actions.CarsGuideHomePageActions.<init>(CarsGuideHomePageActions.java:15)
	at pages.actions.CarsGuideHomePageActions.<init>(CarsGuideHomePageActions.java:15)
	at pages.actions.CarsGuideHomePageActions.<init>(CarsGuideHomePageActions.java:15)
	at pages.actions.CarsGuideHomePageActions.<init>(CarsGuideHomePageActions.java:15)
	at pages.actions.CarsGuideHomePageActions.<init>(CarsGuideHomePageActions.java:15)
	at pages.actions.CarsGuideHomePageActions.<init>(CarsGuideHomePageActions.java:15)
	at pages.actions.CarsGuideHomePageActions.<init>(CarsGuideHomePageActions.java:15)
	at pages.actions.CarsGuideHomePageActions.<init>(CarsGuideHomePageActions.java:15)
	at pages.actions.CarsGuideHomePageActions.<init>(CarsGuideHomePageActions.java:15)
	at pages.actions.CarsGuideHomePageActions.<init>(CarsGuideHomePageActions.java:15)
	at pages.actions.CarsGuideHomePageActions.<init>(CarsGuideHomePageActions.java:15)
	at pages.actions.CarsGuideHomePageActions.<init>(CarsGuideHomePageActions.java:15)
	at pages.actions.CarsGuideHomePageActions.<init>(CarsGuideHomePageActions.java:15)
	at pages.actions.CarsGuideHomePageActions.<init>(CarsGuideHomePageActions.java:15)
	at pages.actions.CarsGuideHomePageActions.<init>(CarsGuideHomePageActions.java:15)
	at pages.actions.CarsGuideHomePageActions.<init>(CarsGuideHomePageActions.java:15)
	at pages.actions.CarsGuideHomePageActions.<init>(CarsGuideHomePageActions.java:15)
	at pages.actions.CarsGuideHomePageActions.<init>(CarsGuideHomePageActions.java:15)
	at pages.actions.CarsGuideHomePageActions.<init>(CarsGuideHomePageActions.java:15)
	at pages.actions.CarsGuideHomePageActions.<init>(CarsGuideHomePageActions.java:15)
	at pages.actions.CarsGuideHomePageActions.<init>(CarsGuideHomePageActions.java:15)
	at pages.actions.CarsGuideHomePageActions.<init>(CarsGuideHomePageActions.java:15)
	at pages.actions.CarsGuideHomePageActions.<init>(CarsGuideHomePageActions.java:15)
	at pages.actions.CarsGuideHomePageActions.<init>(CarsGuideHomePageActions.java:15)
	at pages.actions.CarsGuideHomePageActions.<init>(CarsGuideHomePageActions.java:15)
	at pages.actions.CarsGuideHomePageActions.<init>(CarsGuideHomePageActions.java:15)
	at pages.actions.CarsGuideHomePageActions.<init>(CarsGuideHomePageActions.java:15)
	at pages.actions.CarsGuideHomePageActions.<init>(CarsGuideHomePageActions.java:15)
	at pages.actions.CarsGuideHomePageActions.<init>(CarsGuideHomePageActions.java:15)
	at pages.actions.CarsGuideHomePageActions.<init>(CarsGuideHomePageActions.java:15)
	at pages.actions.CarsGuideHomePageActions.<init>(CarsGuideHomePageActions.java:15)
	at pages.actions.CarsGuideHomePageActions.<init>(CarsGuideHomePageActions.java:15)
	at pages.actions.CarsGuideHomePageActions.<init>(CarsGuideHomePageActions.java:15)
	at pages.actions.CarsGuideHomePageActions.<init>(CarsGuideHomePageActions.java:15)
	at pages.actions.CarsGuideHomePageActions.<init>(CarsGuideHomePageActions.java:15)
	at pages.actions.CarsGuideHomePageActions.<init>(CarsGuideHomePageActions.java:15)
	at pages.actions.CarsGuideHomePageActions.<init>(CarsGuideHomePageActions.java:15)
	at pages.actions.CarsGuideHomePageActions.<init>(CarsGuideHomePageActions.java:15)
	at pages.actions.CarsGuideHomePageActions.<init>(CarsGuideHomePageActions.java:15)
	at pages.actions.CarsGuideHomePageActions.<init>(CarsGuideHomePageActions.java:15)
	at pages.actions.CarsGuideHomePageActions.<init>(CarsGuideHomePageActions.java:15)
	at pages.actions.CarsGuideHomePageActions.<init>(CarsGuideHomePageActions.java:15)
	at pages.actions.CarsGuideHomePageActions.<init>(CarsGuideHomePageActions.java:15)
	at pages.actions.CarsGuideHomePageActions.<init>(CarsGuideHomePageActions.java:15)
	at pages.actions.CarsGuideHomePageActions.<init>(CarsGuideHomePageActions.java:15)
	at pages.actions.CarsGuideHomePageActions.<init>(CarsGuideHomePageActions.java:15)
	at pages.actions.CarsGuideHomePageActions.<init>(CarsGuideHomePageActions.java:15)
	at pages.actions.CarsGuideHomePageActions.<init>(CarsGuideHomePageActions.java:15)
	at pages.actions.CarsGuideHomePageActions.<init>(CarsGuideHomePageActions.java:15)
	at pages.actions.CarsGuideHomePageActions.<init>(CarsGuideHomePageActions.java:15)
	at pages.actions.CarsGuideHomePageActions.<init>(CarsGuideHomePageActions.java:15)
	at pages.actions.CarsGuideHomePageActions.<init>(CarsGuideHomePageActions.java:15)
	at pages.actions.CarsGuideHomePageActions.<init>(CarsGuideHomePageActions.java:15)
	at pages.actions.CarsGuideHomePageActions.<init>(CarsGuideHomePageActions.java:15)
	at pages.actions.CarsGuideHomePageActions.<init>(CarsGuideHomePageActions.java:15)
	at pages.actions.CarsGuideHomePageActions.<init>(CarsGuideHomePageActions.java:15)
	at pages.actions.CarsGuideHomePageActions.<init>(CarsGuideHomePageActions.java:15)
	at pages.actions.CarsGuideHomePageActions.<init>(CarsGuideHomePageActions.java:15)
	at pages.actions.CarsGuideHomePageActions.<init>(CarsGuideHomePageActions.java:15)
	at pages.actions.CarsGuideHomePageActions.<init>(CarsGuideHomePageActions.java:15)
	at pages.actions.CarsGuideHomePageActions.<init>(CarsGuideHomePageActions.java:15)
	at pages.actions.CarsGuideHomePageActions.<init>(CarsGuideHomePageActions.java:15)
	at pages.actions.CarsGuideHomePageActions.<init>(CarsGuideHomePageActions.java:15)
	at pages.actions.CarsGuideHomePageActions.<init>(CarsGuideHomePageActions.java:15)
	at pages.actions.CarsGuideHomePageActions.<init>(CarsGuideHomePageActions.java:15)
	at pages.actions.CarsGuideHomePageActions.<init>(CarsGuideHomePageActions.java:15)
	at pages.actions.CarsGuideHomePageActions.<init>(CarsGuideHomePageActions.java:15)
	at pages.actions.CarsGuideHomePageActions.<init>(CarsGuideHomePageActions.java:15)
	at pages.actions.CarsGuideHomePageActions.<init>(CarsGuideHomePageActions.java:15)
	at pages.actions.CarsGuideHomePageActions.<init>(CarsGuideHomePageActions.java:15)
	at pages.actions.CarsGuideHomePageActions.<init>(CarsGuideHomePageActions.java:15)
	at pages.actions.CarsGuideHomePageActions.<init>(CarsGuideHomePageActions.java:15)
	at pages.actions.CarsGuideHomePageActions.<init>(CarsGuideHomePageActions.java:15)
	at pages.actions.CarsGuideHomePageActions.<init>(CarsGuideHomePageActions.java:15)
	at pages.actions.CarsGuideHomePageActions.<init>(CarsGuideHomePageActions.java:15)
	at pages.actions.CarsGuideHomePageActions.<init>(CarsGuideHomePageActions.java:15)
	at pages.actions.CarsGuideHomePageActions.<init>(CarsGuideHomePageActions.java:15)
	at pages.actions.CarsGuideHomePageActions.<init>(CarsGuideHomePageActions.java:15)
	at pages.actions.CarsGuideHomePageActions.<init>(CarsGuideHomePageActions.java:15)
	at pages.actions.CarsGuideHomePageActions.<init>(CarsGuideHomePageActions.java:15)
	at pages.actions.CarsGuideHomePageActions.<init>(CarsGuideHomePageActions.java:15)
	at pages.actions.CarsGuideHomePageActions.<init>(CarsGuideHomePageActions.java:15)
	at pages.actions.CarsGuideHomePageActions.<init>(CarsGuideHomePageActions.java:15)
	at pages.actions.CarsGuideHomePageActions.<init>(CarsGuideHomePageActions.java:15)
	at pages.actions.CarsGuideHomePageActions.<init>(CarsGuideHomePageActions.java:15)
	at pages.actions.CarsGuideHomePageActions.<init>(CarsGuideHomePageActions.java:15)
	at pages.actions.CarsGuideHomePageActions.<init>(CarsGuideHomePageActions.java:15)
	at pages.actions.CarsGuideHomePageActions.<init>(CarsGuideHomePageActions.java:15)
	at pages.actions.CarsGuideHomePageActions.<init>(CarsGuideHomePageActions.java:15)
	at pages.actions.CarsGuideHomePageActions.<init>(CarsGuideHomePageActions.java:15)
	at pages.actions.CarsGuideHomePageActions.<init>(CarsGuideHomePageActions.java:15)
	at pages.actions.CarsGuideHomePageActions.<init>(CarsGuideHomePageActions.java:15)
	at pages.actions.CarsGuideHomePageActions.<init>(CarsGuideHomePageActions.java:15)
	at pages.actions.CarsGuideHomePageActions.<init>(CarsGuideHomePageActions.java:15)
	at pages.actions.CarsGuideHomePageActions.<init>(CarsGuideHomePageActions.java:15)
	at pages.actions.CarsGuideHomePageActions.<init>(CarsGuideHomePageActions.java:15)
	at pages.actions.CarsGuideHomePageActions.<init>(CarsGuideHomePageActions.java:15)
	at pages.actions.CarsGuideHomePageActions.<init>(CarsGuideHomePageActions.java:15)
	at pages.actions.CarsGuideHomePageActions.<init>(CarsGuideHomePageActions.java:15)
	at pages.actions.CarsGuideHomePageActions.<init>(CarsGuideHomePageActions.java:15)
	at pages.actions.CarsGuideHomePageActions.<init>(CarsGuideHomePageActions.java:15)
	at pages.actions.CarsGuideHomePageActions.<init>(CarsGuideHomePageActions.java:15)
	at pages.actions.CarsGuideHomePageActions.<init>(CarsGuideHomePageActions.java:15)
	at pages.actions.CarsGuideHomePageActions.<init>(CarsGuideHomePageActions.java:15)
	at pages.actions.CarsGuideHomePageActions.<init>(CarsGuideHomePageActions.java:15)
	at pages.actions.CarsGuideHomePageActions.<init>(CarsGuideHomePageActions.java:15)
	at pages.actions.CarsGuideHomePageActions.<init>(CarsGuideHomePageActions.java:15)
	at pages.actions.CarsGuideHomePageActions.<init>(CarsGuideHomePageActions.java:15)
	at pages.actions.CarsGuideHomePageActions.<init>(CarsGuideHomePageActions.java:15)
	at pages.actions.CarsGuideHomePageActions.<init>(CarsGuideHomePageActions.java:15)
	at pages.actions.CarsGuideHomePageActions.<init>(CarsGuideHomePageActions.java:15)
	at pages.actions.CarsGuideHomePageActions.<init>(CarsGuideHomePageActions.java:15)
	at pages.actions.CarsGuideHomePageActions.<init>(CarsGuideHomePageActions.java:15)
	at pages.actions.CarsGuideHomePageActions.<init>(CarsGuideHomePageActions.java:15)
	at pages.actions.CarsGuideHomePageActions.<init>(CarsGuideHomePageActions.java:15)
	at pages.actions.CarsGuideHomePageActions.<init>(CarsGuideHomePageActions.java:15)
	at pages.actions.CarsGuideHomePageActions.<init>(CarsGuideHomePageActions.java:15)
	at pages.actions.CarsGuideHomePageActions.<init>(CarsGuideHomePageActions.java:15)
	at pages.actions.CarsGuideHomePageActions.<init>(CarsGuideHomePageActions.java:15)
	at pages.actions.CarsGuideHomePageActions.<init>(CarsGuideHomePageActions.java:15)
	at pages.actions.CarsGuideHomePageActions.<init>(CarsGuideHomePageActions.java:15)
	at pages.actions.CarsGuideHomePageActions.<init>(CarsGuideHomePageActions.java:15)
	at pages.actions.CarsGuideHomePageActions.<init>(CarsGuideHomePageActions.java:15)
	at pages.actions.CarsGuideHomePageActions.<init>(CarsGuideHomePageActions.java:15)
	at pages.actions.CarsGuideHomePageActions.<init>(CarsGuideHomePageActions.java:15)
	at pages.actions.CarsGuideHomePageActions.<init>(CarsGuideHomePageActions.java:15)
	at pages.actions.CarsGuideHomePageActions.<init>(CarsGuideHomePageActions.java:15)
	at pages.actions.CarsGuideHomePageActions.<init>(CarsGuideHomePageActions.java:15)
	at pages.actions.CarsGuideHomePageActions.<init>(CarsGuideHomePageActions.java:15)
	at pages.actions.CarsGuideHomePageActions.<init>(CarsGuideHomePageActions.java:15)
	at pages.actions.CarsGuideHomePageActions.<init>(CarsGuideHomePageActions.java:15)
	at pages.actions.CarsGuideHomePageActions.<init>(CarsGuideHomePageActions.java:15)
	at pages.actions.CarsGuideHomePageActions.<init>(CarsGuideHomePageActions.java:15)
	at pages.actions.CarsGuideHomePageActions.<init>(CarsGuideHomePageActions.java:15)
	at pages.actions.CarsGuideHomePageActions.<init>(CarsGuideHomePageActions.java:15)
	at pages.actions.CarsGuideHomePageActions.<init>(CarsGuideHomePageActions.java:15)
	at pages.actions.CarsGuideHomePageActions.<init>(CarsGuideHomePageActions.java:15)
	at pages.actions.CarsGuideHomePageActions.<init>(CarsGuideHomePageActions.java:15)
	at pages.actions.CarsGuideHomePageActions.<init>(CarsGuideHomePageActions.java:15)
	at pages.actions.CarsGuideHomePageActions.<init>(CarsGuideHomePageActions.java:15)
	at pages.actions.CarsGuideHomePageActions.<init>(CarsGuideHomePageActions.java:15)
	at pages.actions.CarsGuideHomePageActions.<init>(CarsGuideHomePageActions.java:15)
	at ✽.Given I am on the Homepage "https://www.carsguide.com.au/"(C:/Users/sufsa/Live Projects/CucumberBdd/src/main/resources/features/SearchCars.feature:5)
]]></failure>
</testcase>
</testsuite>
